slurm submission log: 2019-11-14 03:24:48.683249
created following sbatch script: 

###############################

#!/bin/bash

#SBATCH --cpus-per-task=3
#SBATCH --gres=gpu:1
#SBATCH --job-name=shilun-job-3307912
#SBATCH --mem=16G
#SBATCH --open-mode=append
#SBATCH --output=shilun-job-3307912.out
#SBATCH --partition=jag-standard
#SBATCH --time=10-0

# activate your desired anaconda environment
source activate py-3.6.8

# cd to working directory
cd .

# launch commands
srun --unbuffered run_as_child_processes 'python baseline_BERT.py '

###############################

submission to slurm complete!


###############################
slurm submission output

Submitted batch job 1096836



###############################

/var/lib/slurm/slurmd/job1096836/slurm_script: line 13: activate: No such file or directory
###############################
start time: 2019-11-14 03:25:07.314006
machine: jagupard4.stanford.edu
conda env: allan
###############################
running following processes

	python baseline_BERT.py 


###############################
command outputs: 

LARGE: False
MAX_LEN: 256
HIDDEN_DIM: 256
N_LAYERS: 2
BIDIRECTIONAL: True
DROPOUT: 0.5
N_EPOCHS: 1
TRAIN_IMDB: False
LEARNING_RATE: 0.0005
====training on imdb and testing on tomato======
=========Starting Training epoch #0==========
epoch:0, step: 0, acc: 0.0, time: 1.812s
epoch:0, step: 10, acc: 0.544, time: 19.43s
epoch:0, step: 20, acc: 0.636, time: 19.543s
epoch:0, step: 30, acc: 0.756, time: 19.4s
epoch:0, step: 40, acc: 0.74, time: 19.455s
epoch:0, step: 50, acc: 0.798, time: 19.445s
epoch:0, step: 60, acc: 0.782, time: 19.755s
epoch:0, step: 70, acc: 0.782, time: 19.693s
epoch:0, step: 80, acc: 0.78, time: 19.405s
epoch:0, step: 90, acc: 0.798, time: 19.5s
epoch:0, step: 100, acc: 0.832, time: 19.561s
epoch:0, step: 110, acc: 0.844, time: 19.596s
epoch:0, step: 120, acc: 0.83, time: 19.372s
epoch:0, step: 130, acc: 0.814, time: 19.63s
epoch:0, step: 140, acc: 0.826, time: 19.469s
epoch:0, step: 150, acc: 0.82, time: 19.596s
Epoch: 01 | Epoch Time: 5m 12s
	Train Loss: 0.464 | Train Acc: 77.57%
	 Val. Loss: 0.373 |  Val. Acc: 82.60%
=====test result on own dataset=====
	 Test. Loss: 0.370 |  Test. Acc: 83.30%

=====test result on other dataset=====
	 Test. Loss: 0.416 |  Test. Acc: 80.62%
###############################
end time: 2019-11-14 03:35:10.723181
elapsed time: 0:10:03.409175
