slurm submission log: 2019-10-24 17:56:19.694169
created following sbatch script: 

###############################

#!/bin/bash

#SBATCH --cpus-per-task=3
#SBATCH --gres=gpu:1
#SBATCH --job-name=shilun-job-3398246
#SBATCH --mem=16G
#SBATCH --open-mode=append
#SBATCH --output=shilun-job-3398246.out
#SBATCH --partition=jag-standard
#SBATCH --time=10-0

# activate your desired anaconda environment
source activate py-3.6.8

# cd to working directory
cd .

# launch commands
srun --unbuffered run_as_child_processes 'python sentiment_baseline.py'

###############################

submission to slurm complete!


###############################
slurm submission output

Submitted batch job 891293



###############################

/var/lib/slurm/slurmd/job891293/slurm_script: line 13: activate: No such file or directory
###############################
start time: 2019-10-24 17:56:21.077694
machine: jagupard20.stanford.edu
conda env: allan
###############################
running following processes

	python sentiment_baseline.py


###############################
command outputs: 


begin to load dataset
building vocab
begin training
Epoch: 01 | Epoch Time: 0m 46s
	Train Loss: 0.686 | Train Acc: 54.12%
	 Val. Loss: 0.682 |  Val. Acc: 56.49%
Epoch: 02 | Epoch Time: 0m 45s
	Train Loss: 0.673 | Train Acc: 57.66%
	 Val. Loss: 0.610 |  Val. Acc: 67.89%
Epoch: 03 | Epoch Time: 0m 45s
	Train Loss: 0.560 | Train Acc: 71.47%
	 Val. Loss: 0.537 |  Val. Acc: 78.73%
Epoch: 04 | Epoch Time: 0m 45s
	Train Loss: 0.374 | Train Acc: 83.75%
	 Val. Loss: 0.317 |  Val. Acc: 86.44%
Epoch: 05 | Epoch Time: 0m 45s
	Train Loss: 0.301 | Train Acc: 87.78%
	 Val. Loss: 0.283 |  Val. Acc: 89.04%
Test Loss: 0.305 | Test Acc: 87.95%
the acc of the imdb model on tomato is 0.7347743014091235(6153/8374)
###############################
end time: 2019-10-24 18:04:47.491065
elapsed time: 0:08:26.413371
