slurm submission log: 2019-11-29 19:20:15.843189
created following sbatch script: 

###############################

#!/bin/bash

#SBATCH --cpus-per-task=3
#SBATCH --gres=gpu:1
#SBATCH --job-name=shilun-job-4841429
#SBATCH --mem=16G
#SBATCH --open-mode=append
#SBATCH --output=log/L1R15_full.log
#SBATCH --partition=jag-standard
#SBATCH --time=10-0

# activate your desired anaconda environment
source activate py-3.6.8

# cd to working directory
cd .

# launch commands
srun --unbuffered run_as_child_processes 'python robust_BERT.py --train_full --radius 15 --ball L1'

###############################

submission to slurm complete!


###############################
slurm submission output

Submitted batch job 1155724



###############################

/var/lib/slurm/slurmd/job1155724/slurm_script: line 13: activate: No such file or directory
###############################
start time: 2019-11-29 20:28:29.620625
machine: jagupard12.stanford.edu
conda env: allan
###############################
running following processes

	python robust_BERT.py --train_full --radius 15 --ball L1


###############################
command outputs: 


LARGE: False
MAX_LEN: 256
HIDDEN_DIM: 256
N_LAYERS: 2
BIDIRECTIONAL: True
DROPOUT: 0.5
N_EPOCHS: 1
TRAIN_IMDB: True
LEARNING_RATE: 0.0005
RADIUS: 15.0
BALL_TYPE: L1
====training on imdb and testing on tomato======
=========Starting Training epoch #0==========
epoch:0, step: 0, acc: 0.0, time: 0.999s
epoch:0, step: 10, acc: 0.48, time: 10.7s
epoch:0, step: 20, acc: 0.592, time: 10.639s
epoch:0, step: 30, acc: 0.736, time: 10.878s
epoch:0, step: 40, acc: 0.794, time: 10.945s
epoch:0, step: 50, acc: 0.768, time: 10.773s
epoch:0, step: 60, acc: 0.764, time: 10.834s
epoch:0, step: 70, acc: 0.794, time: 10.811s
epoch:0, step: 80, acc: 0.798, time: 10.771s
epoch:0, step: 90, acc: 0.782, time: 10.95s
epoch:0, step: 100, acc: 0.822, time: 10.808s
epoch:0, step: 110, acc: 0.782, time: 10.951s
epoch:0, step: 120, acc: 0.826, time: 11.061s
epoch:0, step: 130, acc: 0.804, time: 10.909s
epoch:0, step: 140, acc: 0.77, time: 10.975s
epoch:0, step: 150, acc: 0.768, time: 10.788s
epoch:0, step: 160, acc: 0.84, time: 10.873s
epoch:0, step: 170, acc: 0.812, time: 10.938s
epoch:0, step: 180, acc: 0.796, time: 10.782s
epoch:0, step: 190, acc: 0.804, time: 10.868s
epoch:0, step: 200, acc: 0.82, time: 10.762s
epoch:0, step: 210, acc: 0.828, time: 10.863s
epoch:0, step: 220, acc: 0.818, time: 10.864s
epoch:0, step: 230, acc: 0.802, time: 10.943s
epoch:0, step: 240, acc: 0.848, time: 10.954s
epoch:0, step: 250, acc: 0.856, time: 10.705s
epoch:0, step: 260, acc: 0.83, time: 10.627s
epoch:0, step: 270, acc: 0.846, time: 10.632s
epoch:0, step: 280, acc: 0.852, time: 10.733s
epoch:0, step: 290, acc: 0.838, time: 10.767s
epoch:0, step: 300, acc: 0.868, time: 10.833s
epoch:0, step: 310, acc: 0.792, time: 10.658s
epoch:0, step: 320, acc: 0.806, time: 10.769s
epoch:0, step: 330, acc: 0.83, time: 10.828s
epoch:0, step: 340, acc: 0.85, time: 10.714s
epoch:0, step: 350, acc: 0.834, time: 10.842s
epoch:0, step: 360, acc: 0.84, time: 10.762s
epoch:0, step: 370, acc: 0.828, time: 10.839s
epoch:0, step: 380, acc: 0.816, time: 10.881s
epoch:0, step: 390, acc: 0.828, time: 10.772s
epoch:0, step: 400, acc: 0.854, time: 10.838s
epoch:0, step: 410, acc: 0.826, time: 10.847s
epoch:0, step: 420, acc: 0.84, time: 10.726s
epoch:0, step: 430, acc: 0.842, time: 10.831s
epoch:0, step: 440, acc: 0.882, time: 10.741s
epoch:0, step: 450, acc: 0.826, time: 10.796s
epoch:0, step: 460, acc: 0.85, time: 10.727s
epoch:0, step: 470, acc: 0.838, time: 10.652s
epoch:0, step: 480, acc: 0.81, time: 10.882s
epoch:0, step: 490, acc: 0.818, time: 10.689s
Epoch: 01 | Epoch Time: 9m 0s
	Train Loss: 0.448 | Train Acc: 80.81%
	 Val. Loss: 0.361 |  Val. Acc: 84.65%
=====test result on own dataset=====
	 Test. Loss: 0.365 |  Test. Acc: 85.00%

=====test result on other dataset=====
	 Test. Loss: 0.447 |  Test. Acc: 80.04%
###############################
end time: 2019-11-29 20:40:33.887706
elapsed time: 0:12:04.267081
