slurm submission log: 2019-11-29 16:15:37.700748
created following sbatch script: 

###############################

#!/bin/bash

#SBATCH --cpus-per-task=3
#SBATCH --gres=gpu:1
#SBATCH --job-name=shilun-job-4722606
#SBATCH --mem=16G
#SBATCH --open-mode=append
#SBATCH --output=L1R1.log
#SBATCH --partition=jag-standard
#SBATCH --time=10-0

# activate your desired anaconda environment
source activate py-3.6.8

# cd to working directory
cd .

# launch commands
srun --unbuffered run_as_child_processes 'python robust_BERT.py --ball L1 --radius 1'

###############################

submission to slurm complete!


###############################
slurm submission output

Submitted batch job 1155541



###############################

/var/lib/slurm/slurmd/job1155541/slurm_script: line 13: activate: No such file or directory
###############################
start time: 2019-11-29 16:18:02.465975
machine: jagupard10.stanford.edu
conda env: allan
###############################
running following processes

	python robust_BERT.py --ball L1 --radius 1


###############################
command outputs: 


LARGE: False
MAX_LEN: 256
HIDDEN_DIM: 256
N_LAYERS: 2
BIDIRECTIONAL: True
DROPOUT: 0.5
N_EPOCHS: 1
TRAIN_IMDB: True
LEARNING_RATE: 0.001
RADIUS: 1.0
BALL_TYPE: L1
====training on imdb and testing on tomato======
=========Starting Training epoch #0==========
epoch:0, step: 0, acc: 0.0, time: 0.99s
epoch:0, step: 10, acc: 0.488, time: 10.538s
epoch:0, step: 20, acc: 0.508, time: 10.473s
epoch:0, step: 30, acc: 0.656, time: 10.174s
epoch:0, step: 40, acc: 0.678, time: 10.376s
epoch:0, step: 50, acc: 0.688, time: 10.484s
epoch:0, step: 60, acc: 0.698, time: 10.462s
epoch:0, step: 70, acc: 0.78, time: 10.794s
epoch:0, step: 80, acc: 0.806, time: 10.569s
epoch:0, step: 90, acc: 0.73, time: 10.591s
epoch:0, step: 100, acc: 0.732, time: 10.564s
epoch:0, step: 110, acc: 0.784, time: 10.602s
epoch:0, step: 120, acc: 0.794, time: 10.527s
epoch:0, step: 130, acc: 0.776, time: 10.729s
epoch:0, step: 140, acc: 0.804, time: 10.622s
epoch:0, step: 150, acc: 0.81, time: 10.698s
Epoch: 01 | Epoch Time: 2m 48s
	Train Loss: 0.667 | Train Acc: 71.95%
	 Val. Loss: 0.638 |  Val. Acc: 78.05%
=====test result on own dataset=====
	 Test. Loss: 0.639 |  Test. Acc: 78.00%

=====test result on other dataset=====
	 Test. Loss: 0.639 |  Test. Acc: 77.01%
###############################
end time: 2019-11-29 16:23:45.372068
elapsed time: 0:05:42.906093
