slurm submission log: 2019-11-29 19:20:15.624251
created following sbatch script: 

###############################

#!/bin/bash

#SBATCH --cpus-per-task=3
#SBATCH --gres=gpu:1
#SBATCH --job-name=shilun-job-3799935
#SBATCH --mem=16G
#SBATCH --open-mode=append
#SBATCH --output=log/L1R10_full.log
#SBATCH --partition=jag-standard
#SBATCH --time=10-0

# activate your desired anaconda environment
source activate py-3.6.8

# cd to working directory
cd .

# launch commands
srun --unbuffered run_as_child_processes 'python robust_BERT.py --train_full --radius 10 --ball L1'

###############################

submission to slurm complete!


###############################
slurm submission output

Submitted batch job 1155723



###############################

/var/lib/slurm/slurmd/job1155723/slurm_script: line 13: activate: No such file or directory
###############################
start time: 2019-11-29 20:25:55.623093
machine: jagupard12.stanford.edu
conda env: allan
###############################
running following processes

	python robust_BERT.py --train_full --radius 10 --ball L1


###############################
command outputs: 


LARGE: False
MAX_LEN: 256
HIDDEN_DIM: 256
N_LAYERS: 2
BIDIRECTIONAL: True
DROPOUT: 0.5
N_EPOCHS: 1
TRAIN_IMDB: True
LEARNING_RATE: 0.0005
RADIUS: 10.0
BALL_TYPE: L1
====training on imdb and testing on tomato======
=========Starting Training epoch #0==========
epoch:0, step: 0, acc: 0.0, time: 1.027s
epoch:0, step: 10, acc: 0.472, time: 10.715s
epoch:0, step: 20, acc: 0.586, time: 10.813s
epoch:0, step: 30, acc: 0.74, time: 10.655s
epoch:0, step: 40, acc: 0.8, time: 10.842s
epoch:0, step: 50, acc: 0.758, time: 10.807s
epoch:0, step: 60, acc: 0.766, time: 10.759s
epoch:0, step: 70, acc: 0.79, time: 10.647s
epoch:0, step: 80, acc: 0.764, time: 10.625s
epoch:0, step: 90, acc: 0.776, time: 10.982s
epoch:0, step: 100, acc: 0.816, time: 10.887s
epoch:0, step: 110, acc: 0.81, time: 10.973s
epoch:0, step: 120, acc: 0.806, time: 11.213s
epoch:0, step: 130, acc: 0.812, time: 11.148s
epoch:0, step: 140, acc: 0.8, time: 10.949s
epoch:0, step: 150, acc: 0.778, time: 10.771s
epoch:0, step: 160, acc: 0.812, time: 10.703s
epoch:0, step: 170, acc: 0.812, time: 10.927s
epoch:0, step: 180, acc: 0.8, time: 10.966s
epoch:0, step: 190, acc: 0.826, time: 10.856s
epoch:0, step: 200, acc: 0.806, time: 10.771s
epoch:0, step: 210, acc: 0.846, time: 10.805s
epoch:0, step: 220, acc: 0.83, time: 10.861s
epoch:0, step: 230, acc: 0.82, time: 10.948s
epoch:0, step: 240, acc: 0.84, time: 10.916s
epoch:0, step: 250, acc: 0.84, time: 10.833s
epoch:0, step: 260, acc: 0.81, time: 10.765s
epoch:0, step: 270, acc: 0.834, time: 10.774s
epoch:0, step: 280, acc: 0.854, time: 10.854s
epoch:0, step: 290, acc: 0.842, time: 10.66s
epoch:0, step: 300, acc: 0.864, time: 10.691s
epoch:0, step: 310, acc: 0.804, time: 10.846s
epoch:0, step: 320, acc: 0.81, time: 10.853s
epoch:0, step: 330, acc: 0.834, time: 10.896s
epoch:0, step: 340, acc: 0.862, time: 10.755s
epoch:0, step: 350, acc: 0.824, time: 10.822s
epoch:0, step: 360, acc: 0.86, time: 10.805s
epoch:0, step: 370, acc: 0.844, time: 10.872s
epoch:0, step: 380, acc: 0.81, time: 10.766s
epoch:0, step: 390, acc: 0.828, time: 10.658s
epoch:0, step: 400, acc: 0.818, time: 10.889s
epoch:0, step: 410, acc: 0.826, time: 10.864s
epoch:0, step: 420, acc: 0.844, time: 10.826s
epoch:0, step: 430, acc: 0.832, time: 10.779s
epoch:0, step: 440, acc: 0.874, time: 10.723s
epoch:0, step: 450, acc: 0.836, time: 10.92s
epoch:0, step: 460, acc: 0.852, time: 10.789s
epoch:0, step: 470, acc: 0.846, time: 10.844s
epoch:0, step: 480, acc: 0.796, time: 10.893s
epoch:0, step: 490, acc: 0.788, time: 10.845s
Epoch: 01 | Epoch Time: 9m 1s
	Train Loss: 0.469 | Train Acc: 80.68%
	 Val. Loss: 0.378 |  Val. Acc: 84.15%
=====test result on own dataset=====
	 Test. Loss: 0.384 |  Test. Acc: 84.25%

=====test result on other dataset=====
	 Test. Loss: 0.479 |  Test. Acc: 78.10%
###############################
end time: 2019-11-29 20:37:59.249061
elapsed time: 0:12:03.625968
