slurm submission log: 2019-11-29 19:20:15.050936
created following sbatch script: 

###############################

#!/bin/bash

#SBATCH --cpus-per-task=3
#SBATCH --gres=gpu:1
#SBATCH --job-name=shilun-job-3219833
#SBATCH --mem=16G
#SBATCH --open-mode=append
#SBATCH --output=log/L1R1_full.log
#SBATCH --partition=jag-standard
#SBATCH --time=10-0

# activate your desired anaconda environment
source activate py-3.6.8

# cd to working directory
cd .

# launch commands
srun --unbuffered run_as_child_processes 'python robust_BERT.py --train_full --radius 1 --ball L1'

###############################

submission to slurm complete!


###############################
slurm submission output

Submitted batch job 1155720



###############################

/var/lib/slurm/slurmd/job1155720/slurm_script: line 13: activate: No such file or directory
###############################
start time: 2019-11-29 20:24:27.376366
machine: jagupard15.stanford.edu
conda env: allan
###############################
running following processes

	python robust_BERT.py --train_full --radius 1 --ball L1


###############################
command outputs: 


LARGE: False
MAX_LEN: 256
HIDDEN_DIM: 256
N_LAYERS: 2
BIDIRECTIONAL: True
DROPOUT: 0.5
N_EPOCHS: 1
TRAIN_IMDB: True
LEARNING_RATE: 0.0005
RADIUS: 1.0
BALL_TYPE: L1
====training on imdb and testing on tomato======
=========Starting Training epoch #0==========
epoch:0, step: 0, acc: 0.0, time: 1.069s
epoch:0, step: 10, acc: 0.5, time: 10.779s
epoch:0, step: 20, acc: 0.5, time: 10.539s
epoch:0, step: 30, acc: 0.476, time: 10.499s
epoch:0, step: 40, acc: 0.648, time: 10.596s
epoch:0, step: 50, acc: 0.746, time: 10.667s
epoch:0, step: 60, acc: 0.748, time: 10.58s
epoch:0, step: 70, acc: 0.79, time: 10.762s
epoch:0, step: 80, acc: 0.756, time: 10.965s
epoch:0, step: 90, acc: 0.76, time: 10.795s
epoch:0, step: 100, acc: 0.68, time: 10.889s
epoch:0, step: 110, acc: 0.728, time: 10.876s
epoch:0, step: 120, acc: 0.8, time: 10.959s
epoch:0, step: 130, acc: 0.796, time: 10.885s
epoch:0, step: 140, acc: 0.77, time: 10.809s
epoch:0, step: 150, acc: 0.758, time: 10.849s
epoch:0, step: 160, acc: 0.704, time: 10.831s
epoch:0, step: 170, acc: 0.756, time: 10.877s
epoch:0, step: 180, acc: 0.788, time: 10.915s
epoch:0, step: 190, acc: 0.824, time: 10.995s
epoch:0, step: 200, acc: 0.802, time: 10.753s
epoch:0, step: 210, acc: 0.826, time: 10.955s
epoch:0, step: 220, acc: 0.81, time: 10.915s
epoch:0, step: 230, acc: 0.796, time: 11.01s
epoch:0, step: 240, acc: 0.81, time: 10.968s
epoch:0, step: 250, acc: 0.812, time: 10.899s
epoch:0, step: 260, acc: 0.774, time: 10.884s
epoch:0, step: 270, acc: 0.806, time: 10.922s
epoch:0, step: 280, acc: 0.82, time: 10.976s
epoch:0, step: 290, acc: 0.832, time: 11.013s
epoch:0, step: 300, acc: 0.836, time: 10.894s
epoch:0, step: 310, acc: 0.776, time: 10.774s
epoch:0, step: 320, acc: 0.78, time: 10.99s
epoch:0, step: 330, acc: 0.808, time: 10.949s
epoch:0, step: 340, acc: 0.806, time: 10.946s
epoch:0, step: 350, acc: 0.806, time: 10.924s
epoch:0, step: 360, acc: 0.84, time: 10.872s
epoch:0, step: 370, acc: 0.822, time: 11.005s
epoch:0, step: 380, acc: 0.804, time: 10.87s
epoch:0, step: 390, acc: 0.826, time: 10.873s
epoch:0, step: 400, acc: 0.834, time: 10.903s
epoch:0, step: 410, acc: 0.836, time: 11.021s
epoch:0, step: 420, acc: 0.828, time: 10.851s
epoch:0, step: 430, acc: 0.818, time: 10.979s
epoch:0, step: 440, acc: 0.868, time: 10.886s
epoch:0, step: 450, acc: 0.814, time: 10.981s
epoch:0, step: 460, acc: 0.834, time: 10.781s
epoch:0, step: 470, acc: 0.84, time: 10.794s
epoch:0, step: 480, acc: 0.804, time: 10.923s
epoch:0, step: 490, acc: 0.81, time: 10.788s
Epoch: 01 | Epoch Time: 9m 3s
	Train Loss: 0.641 | Train Acc: 77.66%
	 Val. Loss: 0.597 |  Val. Acc: 81.20%
=====test result on own dataset=====
	 Test. Loss: 0.599 |  Test. Acc: 80.65%

=====test result on other dataset=====
	 Test. Loss: 0.620 |  Test. Acc: 74.72%
###############################
end time: 2019-11-29 20:37:21.278744
elapsed time: 0:12:53.902378
