slurm submission log: 2019-11-29 16:15:57.262294
created following sbatch script: 

###############################

#!/bin/bash

#SBATCH --cpus-per-task=3
#SBATCH --gres=gpu:1
#SBATCH --job-name=shilun-job-3132389
#SBATCH --mem=16G
#SBATCH --open-mode=append
#SBATCH --output=L1R10.log
#SBATCH --partition=jag-standard
#SBATCH --time=10-0

# activate your desired anaconda environment
source activate py-3.6.8

# cd to working directory
cd .

# launch commands
srun --unbuffered run_as_child_processes 'python robust_BERT.py --ball L1 --radius 10'

###############################

submission to slurm complete!


###############################
slurm submission output

Submitted batch job 1155544



###############################

/var/lib/slurm/slurmd/job1155544/slurm_script: line 13: activate: No such file or directory
###############################
start time: 2019-11-29 16:24:02.630870
machine: jagupard10.stanford.edu
conda env: allan
###############################
running following processes

	python robust_BERT.py --ball L1 --radius 10


###############################
command outputs: 


LARGE: False
MAX_LEN: 256
HIDDEN_DIM: 256
N_LAYERS: 2
BIDIRECTIONAL: True
DROPOUT: 0.5
N_EPOCHS: 1
TRAIN_IMDB: True
LEARNING_RATE: 0.001
RADIUS: 10.0
BALL_TYPE: L1
====training on imdb and testing on tomato======
=========Starting Training epoch #0==========
epoch:0, step: 0, acc: 0.0, time: 1.063s
epoch:0, step: 10, acc: 0.51, time: 10.544s
epoch:0, step: 20, acc: 0.644, time: 10.452s
epoch:0, step: 30, acc: 0.722, time: 10.173s
epoch:0, step: 40, acc: 0.726, time: 10.378s
epoch:0, step: 50, acc: 0.78, time: 10.49s
epoch:0, step: 60, acc: 0.804, time: 10.492s
epoch:0, step: 70, acc: 0.782, time: 10.485s
epoch:0, step: 80, acc: 0.802, time: 10.404s
epoch:0, step: 90, acc: 0.76, time: 10.581s
epoch:0, step: 100, acc: 0.796, time: 10.461s
epoch:0, step: 110, acc: 0.828, time: 10.504s
epoch:0, step: 120, acc: 0.816, time: 10.447s
epoch:0, step: 130, acc: 0.79, time: 10.833s
epoch:0, step: 140, acc: 0.806, time: 10.59s
epoch:0, step: 150, acc: 0.814, time: 10.727s
Epoch: 01 | Epoch Time: 2m 48s
	Train Loss: 0.535 | Train Acc: 76.35%
	 Val. Loss: 0.426 |  Val. Acc: 82.30%
=====test result on own dataset=====
	 Test. Loss: 0.421 |  Test. Acc: 82.95%

=====test result on other dataset=====
	 Test. Loss: 0.476 |  Test. Acc: 78.79%
###############################
end time: 2019-11-29 16:29:45.367783
elapsed time: 0:05:42.736913
