slurm submission log: 2019-11-29 19:20:15.229090
created following sbatch script: 

###############################

#!/bin/bash

#SBATCH --cpus-per-task=3
#SBATCH --gres=gpu:1
#SBATCH --job-name=shilun-job-4005219
#SBATCH --mem=16G
#SBATCH --open-mode=append
#SBATCH --output=log/L1R2_full.log
#SBATCH --partition=jag-standard
#SBATCH --time=10-0

# activate your desired anaconda environment
source activate py-3.6.8

# cd to working directory
cd .

# launch commands
srun --unbuffered run_as_child_processes 'python robust_BERT.py --train_full --radius 2 --ball L1'

###############################

submission to slurm complete!


###############################
slurm submission output

Submitted batch job 1155721



###############################

/var/lib/slurm/slurmd/job1155721/slurm_script: line 13: activate: No such file or directory
###############################
start time: 2019-11-29 20:24:27.363437
machine: jagupard5.stanford.edu
conda env: allan
###############################
running following processes

	python robust_BERT.py --train_full --radius 2 --ball L1


###############################
command outputs: 


LARGE: False
MAX_LEN: 256
HIDDEN_DIM: 256
N_LAYERS: 2
BIDIRECTIONAL: True
DROPOUT: 0.5
N_EPOCHS: 1
TRAIN_IMDB: True
LEARNING_RATE: 0.0005
RADIUS: 2.0
BALL_TYPE: L1
====training on imdb and testing on tomato======
=========Starting Training epoch #0==========
epoch:0, step: 0, acc: 0.0, time: 1.816s
epoch:0, step: 10, acc: 0.51, time: 20.111s
epoch:0, step: 20, acc: 0.506, time: 19.883s
epoch:0, step: 30, acc: 0.676, time: 19.915s
epoch:0, step: 40, acc: 0.774, time: 19.944s
epoch:0, step: 50, acc: 0.728, time: 19.926s
epoch:0, step: 60, acc: 0.756, time: 19.952s
epoch:0, step: 70, acc: 0.796, time: 19.867s
epoch:0, step: 80, acc: 0.776, time: 19.856s
epoch:0, step: 90, acc: 0.762, time: 19.955s
epoch:0, step: 100, acc: 0.78, time: 19.837s
epoch:0, step: 110, acc: 0.778, time: 19.917s
epoch:0, step: 120, acc: 0.81, time: 20.012s
epoch:0, step: 130, acc: 0.824, time: 19.962s
epoch:0, step: 140, acc: 0.786, time: 19.863s
epoch:0, step: 150, acc: 0.764, time: 19.928s
epoch:0, step: 160, acc: 0.798, time: 19.894s
epoch:0, step: 170, acc: 0.808, time: 20.129s
epoch:0, step: 180, acc: 0.736, time: 20.049s
epoch:0, step: 190, acc: 0.716, time: 19.991s
epoch:0, step: 200, acc: 0.76, time: 19.872s
epoch:0, step: 210, acc: 0.8, time: 20.095s
epoch:0, step: 220, acc: 0.742, time: 20.09s
epoch:0, step: 230, acc: 0.782, time: 20.114s
epoch:0, step: 240, acc: 0.788, time: 19.968s
epoch:0, step: 250, acc: 0.798, time: 19.995s
epoch:0, step: 260, acc: 0.796, time: 19.847s
epoch:0, step: 270, acc: 0.83, time: 19.83s
epoch:0, step: 280, acc: 0.836, time: 20.081s
epoch:0, step: 290, acc: 0.83, time: 20.082s
epoch:0, step: 300, acc: 0.846, time: 19.926s
epoch:0, step: 310, acc: 0.8, time: 19.794s
epoch:0, step: 320, acc: 0.79, time: 20.067s
epoch:0, step: 330, acc: 0.81, time: 20.259s
epoch:0, step: 340, acc: 0.852, time: 19.918s
epoch:0, step: 350, acc: 0.788, time: 20.009s
epoch:0, step: 360, acc: 0.836, time: 19.959s
epoch:0, step: 370, acc: 0.84, time: 19.984s
epoch:0, step: 380, acc: 0.796, time: 19.917s
epoch:0, step: 390, acc: 0.82, time: 19.93s
epoch:0, step: 400, acc: 0.842, time: 19.915s
epoch:0, step: 410, acc: 0.836, time: 19.954s
epoch:0, step: 420, acc: 0.832, time: 20.07s
epoch:0, step: 430, acc: 0.816, time: 20.091s
epoch:0, step: 440, acc: 0.846, time: 19.986s
epoch:0, step: 450, acc: 0.802, time: 20.101s
epoch:0, step: 460, acc: 0.84, time: 19.926s
epoch:0, step: 470, acc: 0.828, time: 19.953s
epoch:0, step: 480, acc: 0.816, time: 20.02s
epoch:0, step: 490, acc: 0.81, time: 20.017s
Epoch: 01 | Epoch Time: 16m 38s
	Train Loss: 0.600 | Train Acc: 78.59%
	 Val. Loss: 0.565 |  Val. Acc: 76.85%
=====test result on own dataset=====
	 Test. Loss: 0.575 |  Test. Acc: 75.10%

=====test result on other dataset=====
	 Test. Loss: 0.618 |  Test. Acc: 69.34%
###############################
end time: 2019-11-29 20:45:52.268311
elapsed time: 0:21:24.904874
