slurm submission log: 2019-11-29 16:15:43.753936
created following sbatch script: 

###############################

#!/bin/bash

#SBATCH --cpus-per-task=3
#SBATCH --gres=gpu:1
#SBATCH --job-name=shilun-job-285375
#SBATCH --mem=16G
#SBATCH --open-mode=append
#SBATCH --output=L1R2.log
#SBATCH --partition=jag-standard
#SBATCH --time=10-0

# activate your desired anaconda environment
source activate py-3.6.8

# cd to working directory
cd .

# launch commands
srun --unbuffered run_as_child_processes 'python robust_BERT.py --ball L1 --radius 2'

###############################

submission to slurm complete!


###############################
slurm submission output

Submitted batch job 1155542



###############################

/var/lib/slurm/slurmd/job1155542/slurm_script: line 13: activate: No such file or directory
###############################
start time: 2019-11-29 16:20:32.552206
machine: jagupard17.stanford.edu
conda env: allan
###############################
running following processes

	python robust_BERT.py --ball L1 --radius 2


###############################
command outputs: 


LARGE: False
MAX_LEN: 256
HIDDEN_DIM: 256
N_LAYERS: 2
BIDIRECTIONAL: True
DROPOUT: 0.5
N_EPOCHS: 1
TRAIN_IMDB: True
LEARNING_RATE: 0.001
RADIUS: 2.0
BALL_TYPE: L1
====training on imdb and testing on tomato======
=========Starting Training epoch #0==========
epoch:0, step: 0, acc: 0.0, time: 0.774s
epoch:0, step: 10, acc: 0.474, time: 6.959s
epoch:0, step: 20, acc: 0.606, time: 7.368s
epoch:0, step: 30, acc: 0.726, time: 6.807s
epoch:0, step: 40, acc: 0.716, time: 7.344s
epoch:0, step: 50, acc: 0.666, time: 7.091s
epoch:0, step: 60, acc: 0.62, time: 7.065s
epoch:0, step: 70, acc: 0.738, time: 7.173s
epoch:0, step: 80, acc: 0.738, time: 7.321s
epoch:0, step: 90, acc: 0.758, time: 7.006s
epoch:0, step: 100, acc: 0.812, time: 6.575s
epoch:0, step: 110, acc: 0.78, time: 6.628s
epoch:0, step: 120, acc: 0.792, time: 6.522s
epoch:0, step: 130, acc: 0.792, time: 6.793s
epoch:0, step: 140, acc: 0.686, time: 6.647s
epoch:0, step: 150, acc: 0.712, time: 6.823s
Epoch: 01 | Epoch Time: 1m 50s
	Train Loss: 0.651 | Train Acc: 71.16%
	 Val. Loss: 0.607 |  Val. Acc: 76.20%
=====test result on own dataset=====
	 Test. Loss: 0.606 |  Test. Acc: 77.10%

=====test result on other dataset=====
	 Test. Loss: 0.606 |  Test. Acc: 76.33%
###############################
end time: 2019-11-29 16:25:35.655990
elapsed time: 0:05:03.103784
