slurm submission log: 2019-11-29 16:15:50.559545
created following sbatch script: 

###############################

#!/bin/bash

#SBATCH --cpus-per-task=3
#SBATCH --gres=gpu:1
#SBATCH --job-name=shilun-job-2025418
#SBATCH --mem=16G
#SBATCH --open-mode=append
#SBATCH --output=L1R5.log
#SBATCH --partition=jag-standard
#SBATCH --time=10-0

# activate your desired anaconda environment
source activate py-3.6.8

# cd to working directory
cd .

# launch commands
srun --unbuffered run_as_child_processes 'python robust_BERT.py --ball L1 --radius 5'

###############################

submission to slurm complete!


###############################
slurm submission output

Submitted batch job 1155543



###############################

/var/lib/slurm/slurmd/job1155543/slurm_script: line 13: activate: No such file or directory
###############################
start time: 2019-11-29 16:24:02.639466
machine: jagupard11.stanford.edu
conda env: allan
###############################
running following processes

	python robust_BERT.py --ball L1 --radius 5


###############################
command outputs: 


LARGE: False
MAX_LEN: 256
HIDDEN_DIM: 256
N_LAYERS: 2
BIDIRECTIONAL: True
DROPOUT: 0.5
N_EPOCHS: 1
TRAIN_IMDB: True
LEARNING_RATE: 0.001
RADIUS: 5.0
BALL_TYPE: L1
====training on imdb and testing on tomato======
=========Starting Training epoch #0==========
epoch:0, step: 0, acc: 0.0, time: 1.031s
epoch:0, step: 10, acc: 0.496, time: 10.873s
epoch:0, step: 20, acc: 0.648, time: 10.58s
epoch:0, step: 30, acc: 0.722, time: 10.418s
epoch:0, step: 40, acc: 0.718, time: 10.623s
epoch:0, step: 50, acc: 0.716, time: 10.651s
epoch:0, step: 60, acc: 0.74, time: 10.614s
epoch:0, step: 70, acc: 0.77, time: 11.307s
epoch:0, step: 80, acc: 0.784, time: 11.16s
epoch:0, step: 90, acc: 0.742, time: 10.961s
epoch:0, step: 100, acc: 0.786, time: 10.883s
epoch:0, step: 110, acc: 0.824, time: 10.948s
epoch:0, step: 120, acc: 0.83, time: 10.833s
epoch:0, step: 130, acc: 0.804, time: 11.087s
epoch:0, step: 140, acc: 0.804, time: 10.948s
epoch:0, step: 150, acc: 0.806, time: 11.025s
Epoch: 01 | Epoch Time: 2m 53s
	Train Loss: 0.586 | Train Acc: 75.06%
	 Val. Loss: 0.477 |  Val. Acc: 82.35%
=====test result on own dataset=====
	 Test. Loss: 0.479 |  Test. Acc: 82.65%

=====test result on other dataset=====
	 Test. Loss: 0.520 |  Test. Acc: 78.27%
###############################
end time: 2019-11-29 16:29:55.240057
elapsed time: 0:05:52.600591
