slurm submission log: 2019-11-29 19:20:15.410692
created following sbatch script: 

###############################

#!/bin/bash

#SBATCH --cpus-per-task=3
#SBATCH --gres=gpu:1
#SBATCH --job-name=shilun-job-3416520
#SBATCH --mem=16G
#SBATCH --open-mode=append
#SBATCH --output=log/L1R5_full.log
#SBATCH --partition=jag-standard
#SBATCH --time=10-0

# activate your desired anaconda environment
source activate py-3.6.8

# cd to working directory
cd .

# launch commands
srun --unbuffered run_as_child_processes 'python robust_BERT.py --train_full --radius 5 --ball L1'

###############################

submission to slurm complete!


###############################
slurm submission output

Submitted batch job 1155722



###############################

/var/lib/slurm/slurmd/job1155722/slurm_script: line 13: activate: No such file or directory
###############################
start time: 2019-11-29 20:25:55.622981
machine: jagupard12.stanford.edu
conda env: allan
###############################
running following processes

	python robust_BERT.py --train_full --radius 5 --ball L1


###############################
command outputs: 


LARGE: False
MAX_LEN: 256
HIDDEN_DIM: 256
N_LAYERS: 2
BIDIRECTIONAL: True
DROPOUT: 0.5
N_EPOCHS: 1
TRAIN_IMDB: True
LEARNING_RATE: 0.0005
RADIUS: 5.0
BALL_TYPE: L1
====training on imdb and testing on tomato======
=========Starting Training epoch #0==========
epoch:0, step: 0, acc: 0.0, time: 0.976s
epoch:0, step: 10, acc: 0.464, time: 10.856s
epoch:0, step: 20, acc: 0.586, time: 10.667s
epoch:0, step: 30, acc: 0.742, time: 10.634s
epoch:0, step: 40, acc: 0.782, time: 10.669s
epoch:0, step: 50, acc: 0.758, time: 10.906s
epoch:0, step: 60, acc: 0.73, time: 10.785s
epoch:0, step: 70, acc: 0.76, time: 11.021s
epoch:0, step: 80, acc: 0.722, time: 10.993s
epoch:0, step: 90, acc: 0.734, time: 11.176s
epoch:0, step: 100, acc: 0.79, time: 11.092s
epoch:0, step: 110, acc: 0.792, time: 11.112s
epoch:0, step: 120, acc: 0.828, time: 11.292s
epoch:0, step: 130, acc: 0.814, time: 11.186s
epoch:0, step: 140, acc: 0.788, time: 11.174s
epoch:0, step: 150, acc: 0.756, time: 10.987s
epoch:0, step: 160, acc: 0.788, time: 10.987s
epoch:0, step: 170, acc: 0.802, time: 11.115s
epoch:0, step: 180, acc: 0.792, time: 10.971s
epoch:0, step: 190, acc: 0.804, time: 11.203s
epoch:0, step: 200, acc: 0.812, time: 10.99s
epoch:0, step: 210, acc: 0.83, time: 11.086s
epoch:0, step: 220, acc: 0.82, time: 11.083s
epoch:0, step: 230, acc: 0.806, time: 11.178s
epoch:0, step: 240, acc: 0.824, time: 11.162s
epoch:0, step: 250, acc: 0.83, time: 11.114s
epoch:0, step: 260, acc: 0.792, time: 11.08s
epoch:0, step: 270, acc: 0.844, time: 11.06s
epoch:0, step: 280, acc: 0.854, time: 11.165s
epoch:0, step: 290, acc: 0.838, time: 11.189s
epoch:0, step: 300, acc: 0.866, time: 11.066s
epoch:0, step: 310, acc: 0.8, time: 11.036s
epoch:0, step: 320, acc: 0.82, time: 11.135s
epoch:0, step: 330, acc: 0.818, time: 11.148s
epoch:0, step: 340, acc: 0.84, time: 11.129s
epoch:0, step: 350, acc: 0.82, time: 11.159s
epoch:0, step: 360, acc: 0.856, time: 11.127s
epoch:0, step: 370, acc: 0.83, time: 11.205s
epoch:0, step: 380, acc: 0.776, time: 11.096s
epoch:0, step: 390, acc: 0.82, time: 11.151s
epoch:0, step: 400, acc: 0.84, time: 11.133s
epoch:0, step: 410, acc: 0.834, time: 11.25s
epoch:0, step: 420, acc: 0.848, time: 11.14s
epoch:0, step: 430, acc: 0.828, time: 11.101s
epoch:0, step: 440, acc: 0.858, time: 11.192s
epoch:0, step: 450, acc: 0.814, time: 11.137s
epoch:0, step: 460, acc: 0.83, time: 11.112s
epoch:0, step: 470, acc: 0.832, time: 11.12s
epoch:0, step: 480, acc: 0.822, time: 11.221s
epoch:0, step: 490, acc: 0.828, time: 11.156s
Epoch: 01 | Epoch Time: 9m 13s
	Train Loss: 0.523 | Train Acc: 79.84%
	 Val. Loss: 0.417 |  Val. Acc: 84.60%
=====test result on own dataset=====
	 Test. Loss: 0.421 |  Test. Acc: 84.55%

=====test result on other dataset=====
	 Test. Loss: 0.476 |  Test. Acc: 80.62%
###############################
end time: 2019-11-29 20:38:09.278447
elapsed time: 0:12:13.655466
