slurm submission log: 2019-11-29 20:56:25.974611
created following sbatch script: 

###############################

#!/bin/bash

#SBATCH --cpus-per-task=3
#SBATCH --gres=gpu:1
#SBATCH --job-name=shilun-job-4824252
#SBATCH --mem=16G
#SBATCH --open-mode=append
#SBATCH --output=log/L2R10_full.log
#SBATCH --partition=jag-standard
#SBATCH --time=10-0

# activate your desired anaconda environment
source activate py-3.6.8

# cd to working directory
cd .

# launch commands
srun --unbuffered run_as_child_processes 'python robust_BERT.py --train_full --radius 10 --ball L2'

###############################

submission to slurm complete!


###############################
slurm submission output

Submitted batch job 1155742



###############################

/var/lib/slurm/slurmd/job1155742/slurm_script: line 13: activate: No such file or directory
###############################
start time: 2019-11-29 20:56:31.397414
machine: jagupard12.stanford.edu
conda env: allan
###############################
running following processes

	python robust_BERT.py --train_full --radius 10 --ball L2


###############################
command outputs: 


LARGE: False
MAX_LEN: 256
HIDDEN_DIM: 256
N_LAYERS: 2
BIDIRECTIONAL: True
DROPOUT: 0.5
N_EPOCHS: 1
TRAIN_IMDB: True
LEARNING_RATE: 0.0005
RADIUS: 10.0
BALL_TYPE: L2
====training on imdb and testing on tomato======
=========Starting Training epoch #0==========
epoch:0, step: 0, acc: 0.0, time: 0.954s
epoch:0, step: 10, acc: 0.484, time: 10.683s
epoch:0, step: 20, acc: 0.594, time: 10.679s
epoch:0, step: 30, acc: 0.704, time: 10.752s
epoch:0, step: 40, acc: 0.798, time: 10.749s
epoch:0, step: 50, acc: 0.764, time: 10.616s
epoch:0, step: 60, acc: 0.798, time: 10.747s
epoch:0, step: 70, acc: 0.808, time: 10.575s
epoch:0, step: 80, acc: 0.8, time: 10.605s
epoch:0, step: 90, acc: 0.806, time: 10.813s
epoch:0, step: 100, acc: 0.81, time: 10.669s
epoch:0, step: 110, acc: 0.806, time: 10.869s
epoch:0, step: 120, acc: 0.826, time: 11.134s
epoch:0, step: 130, acc: 0.83, time: 10.737s
epoch:0, step: 140, acc: 0.806, time: 10.781s
epoch:0, step: 150, acc: 0.808, time: 10.661s
epoch:0, step: 160, acc: 0.844, time: 10.655s
epoch:0, step: 170, acc: 0.834, time: 10.773s
epoch:0, step: 180, acc: 0.806, time: 10.856s
epoch:0, step: 190, acc: 0.812, time: 10.92s
epoch:0, step: 200, acc: 0.834, time: 10.87s
epoch:0, step: 210, acc: 0.844, time: 10.824s
epoch:0, step: 220, acc: 0.838, time: 10.869s
epoch:0, step: 230, acc: 0.812, time: 11.05s
epoch:0, step: 240, acc: 0.84, time: 10.993s
epoch:0, step: 250, acc: 0.862, time: 10.877s
epoch:0, step: 260, acc: 0.822, time: 10.829s
epoch:0, step: 270, acc: 0.852, time: 10.949s
epoch:0, step: 280, acc: 0.858, time: 11.011s
epoch:0, step: 290, acc: 0.852, time: 10.988s
epoch:0, step: 300, acc: 0.878, time: 10.76s
epoch:0, step: 310, acc: 0.796, time: 10.756s
epoch:0, step: 320, acc: 0.804, time: 10.775s
epoch:0, step: 330, acc: 0.85, time: 10.936s
epoch:0, step: 340, acc: 0.852, time: 10.891s
epoch:0, step: 350, acc: 0.828, time: 10.89s
epoch:0, step: 360, acc: 0.866, time: 10.832s
epoch:0, step: 370, acc: 0.854, time: 10.882s
epoch:0, step: 380, acc: 0.824, time: 10.751s
epoch:0, step: 390, acc: 0.852, time: 10.818s
epoch:0, step: 400, acc: 0.854, time: 10.856s
epoch:0, step: 410, acc: 0.84, time: 10.98s
epoch:0, step: 420, acc: 0.864, time: 10.803s
epoch:0, step: 430, acc: 0.836, time: 10.847s
epoch:0, step: 440, acc: 0.862, time: 10.884s
epoch:0, step: 450, acc: 0.838, time: 10.94s
epoch:0, step: 460, acc: 0.858, time: 10.773s
epoch:0, step: 470, acc: 0.854, time: 10.85s
epoch:0, step: 480, acc: 0.824, time: 10.868s
epoch:0, step: 490, acc: 0.844, time: 10.897s
Epoch: 01 | Epoch Time: 9m 1s
	Train Loss: 0.396 | Train Acc: 81.80%
	 Val. Loss: 0.322 |  Val. Acc: 86.25%
=====test result on own dataset=====
	 Test. Loss: 0.336 |  Test. Acc: 85.60%

=====test result on other dataset=====
	 Test. Loss: 0.409 |  Test. Acc: 82.45%
###############################
end time: 2019-11-29 21:08:44.984459
elapsed time: 0:12:13.587045
