slurm submission log: 2019-11-29 16:16:18.694796
created following sbatch script: 

###############################

#!/bin/bash

#SBATCH --cpus-per-task=3
#SBATCH --gres=gpu:1
#SBATCH --job-name=shilun-job-589001
#SBATCH --mem=16G
#SBATCH --open-mode=append
#SBATCH --output=L2R10.log
#SBATCH --partition=jag-standard
#SBATCH --time=10-0

# activate your desired anaconda environment
source activate py-3.6.8

# cd to working directory
cd .

# launch commands
srun --unbuffered run_as_child_processes 'python robust_BERT.py --radius 10'

###############################

submission to slurm complete!


###############################
slurm submission output

Submitted batch job 1155545



###############################

/var/lib/slurm/slurmd/job1155545/slurm_script: line 13: activate: No such file or directory
###############################
start time: 2019-11-29 16:26:02.772194
machine: jagupard17.stanford.edu
conda env: allan
###############################
running following processes

	python robust_BERT.py --radius 10


###############################
command outputs: 


LARGE: False
MAX_LEN: 256
HIDDEN_DIM: 256
N_LAYERS: 2
BIDIRECTIONAL: True
DROPOUT: 0.5
N_EPOCHS: 1
TRAIN_IMDB: True
LEARNING_RATE: 0.001
RADIUS: 10.0
BALL_TYPE: L2
====training on imdb and testing on tomato======
=========Starting Training epoch #0==========
epoch:0, step: 0, acc: 0.0, time: 0.701s
epoch:0, step: 10, acc: 0.556, time: 7.342s
epoch:0, step: 20, acc: 0.7, time: 7.353s
epoch:0, step: 30, acc: 0.762, time: 7.16s
epoch:0, step: 40, acc: 0.746, time: 7.322s
epoch:0, step: 50, acc: 0.792, time: 7.339s
epoch:0, step: 60, acc: 0.808, time: 7.361s
epoch:0, step: 70, acc: 0.768, time: 7.474s
epoch:0, step: 80, acc: 0.762, time: 7.322s
epoch:0, step: 90, acc: 0.79, time: 7.446s
epoch:0, step: 100, acc: 0.832, time: 7.605s
epoch:0, step: 110, acc: 0.84, time: 6.954s
epoch:0, step: 120, acc: 0.846, time: 6.849s
epoch:0, step: 130, acc: 0.822, time: 7.169s
epoch:0, step: 140, acc: 0.808, time: 7.179s
epoch:0, step: 150, acc: 0.826, time: 7.091s
Epoch: 01 | Epoch Time: 1m 55s
	Train Loss: 0.457 | Train Acc: 78.12%
	 Val. Loss: 0.358 |  Val. Acc: 84.10%
=====test result on own dataset=====
	 Test. Loss: 0.360 |  Test. Acc: 83.70%

=====test result on other dataset=====
	 Test. Loss: 0.525 |  Test. Acc: 77.81%
###############################
end time: 2019-11-29 16:30:35.656426
elapsed time: 0:04:32.884232
