slurm submission log: 2019-11-29 20:56:26.126436
created following sbatch script: 

###############################

#!/bin/bash

#SBATCH --cpus-per-task=3
#SBATCH --gres=gpu:1
#SBATCH --job-name=shilun-job-3304229
#SBATCH --mem=16G
#SBATCH --open-mode=append
#SBATCH --output=log/L2R15_full.log
#SBATCH --partition=jag-standard
#SBATCH --time=10-0

# activate your desired anaconda environment
source activate py-3.6.8

# cd to working directory
cd .

# launch commands
srun --unbuffered run_as_child_processes 'python robust_BERT.py --train_full --radius 15 --ball L2'

###############################

submission to slurm complete!


###############################
slurm submission output

Submitted batch job 1155743



###############################

/var/lib/slurm/slurmd/job1155743/slurm_script: line 13: activate: No such file or directory
###############################
start time: 2019-11-29 21:09:02.226306
machine: jagupard11.stanford.edu
conda env: allan
###############################
running following processes

	python robust_BERT.py --train_full --radius 15 --ball L2


###############################
command outputs: 


LARGE: False
MAX_LEN: 256
HIDDEN_DIM: 256
N_LAYERS: 2
BIDIRECTIONAL: True
DROPOUT: 0.5
N_EPOCHS: 1
TRAIN_IMDB: True
LEARNING_RATE: 0.0005
RADIUS: 15.0
BALL_TYPE: L2
====training on imdb and testing on tomato======
=========Starting Training epoch #0==========
epoch:0, step: 0, acc: 0.0, time: 1.009s
epoch:0, step: 10, acc: 0.484, time: 10.548s
epoch:0, step: 20, acc: 0.594, time: 10.937s
epoch:0, step: 30, acc: 0.704, time: 10.943s
epoch:0, step: 40, acc: 0.798, time: 10.962s
epoch:0, step: 50, acc: 0.766, time: 10.841s
epoch:0, step: 60, acc: 0.794, time: 10.709s
epoch:0, step: 70, acc: 0.812, time: 10.422s
epoch:0, step: 80, acc: 0.802, time: 10.338s
epoch:0, step: 90, acc: 0.806, time: 10.476s
epoch:0, step: 100, acc: 0.814, time: 10.371s
epoch:0, step: 110, acc: 0.806, time: 10.467s
epoch:0, step: 120, acc: 0.818, time: 10.556s
epoch:0, step: 130, acc: 0.836, time: 10.501s
epoch:0, step: 140, acc: 0.808, time: 10.478s
epoch:0, step: 150, acc: 0.814, time: 10.503s
epoch:0, step: 160, acc: 0.854, time: 10.407s
epoch:0, step: 170, acc: 0.824, time: 10.5s
epoch:0, step: 180, acc: 0.796, time: 10.437s
epoch:0, step: 190, acc: 0.83, time: 10.494s
epoch:0, step: 200, acc: 0.85, time: 10.425s
epoch:0, step: 210, acc: 0.866, time: 10.441s
epoch:0, step: 220, acc: 0.85, time: 10.507s
epoch:0, step: 230, acc: 0.812, time: 10.552s
epoch:0, step: 240, acc: 0.852, time: 10.527s
epoch:0, step: 250, acc: 0.874, time: 10.48s
epoch:0, step: 260, acc: 0.822, time: 10.455s
epoch:0, step: 270, acc: 0.858, time: 10.429s
epoch:0, step: 280, acc: 0.854, time: 10.515s
epoch:0, step: 290, acc: 0.846, time: 10.528s
epoch:0, step: 300, acc: 0.868, time: 10.401s
epoch:0, step: 310, acc: 0.806, time: 10.372s
epoch:0, step: 320, acc: 0.81, time: 10.456s
epoch:0, step: 330, acc: 0.84, time: 10.522s
epoch:0, step: 340, acc: 0.86, time: 10.431s
epoch:0, step: 350, acc: 0.812, time: 10.459s
epoch:0, step: 360, acc: 0.854, time: 10.456s
epoch:0, step: 370, acc: 0.85, time: 10.558s
epoch:0, step: 380, acc: 0.818, time: 10.436s
epoch:0, step: 390, acc: 0.85, time: 10.472s
epoch:0, step: 400, acc: 0.856, time: 10.47s
epoch:0, step: 410, acc: 0.846, time: 10.529s
epoch:0, step: 420, acc: 0.874, time: 10.484s
epoch:0, step: 430, acc: 0.84, time: 10.426s
epoch:0, step: 440, acc: 0.872, time: 10.459s
epoch:0, step: 450, acc: 0.85, time: 10.502s
epoch:0, step: 460, acc: 0.82, time: 10.431s
epoch:0, step: 470, acc: 0.834, time: 10.459s
epoch:0, step: 480, acc: 0.808, time: 10.513s
epoch:0, step: 490, acc: 0.814, time: 10.472s
Epoch: 01 | Epoch Time: 8m 45s
	Train Loss: 0.395 | Train Acc: 81.75%
	 Val. Loss: 0.333 |  Val. Acc: 84.90%
=====test result on own dataset=====
	 Test. Loss: 0.349 |  Test. Acc: 84.90%

=====test result on other dataset=====
	 Test. Loss: 0.448 |  Test. Acc: 78.90%
###############################
end time: 2019-11-29 21:20:45.759089
elapsed time: 0:11:43.532783
