slurm submission log: 2019-11-29 20:56:25.518579
created following sbatch script: 

###############################

#!/bin/bash

#SBATCH --cpus-per-task=3
#SBATCH --gres=gpu:1
#SBATCH --job-name=shilun-job-2698779
#SBATCH --mem=16G
#SBATCH --open-mode=append
#SBATCH --output=log/L2R1_full.log
#SBATCH --partition=jag-standard
#SBATCH --time=10-0

# activate your desired anaconda environment
source activate py-3.6.8

# cd to working directory
cd .

# launch commands
srun --unbuffered run_as_child_processes 'python robust_BERT.py --train_full --radius 1 --ball L2'

###############################

submission to slurm complete!


###############################
slurm submission output

Submitted batch job 1155739



###############################

/var/lib/slurm/slurmd/job1155739/slurm_script: line 13: activate: No such file or directory
###############################
start time: 2019-11-29 20:56:31.342938
machine: jagupard5.stanford.edu
conda env: allan
###############################
running following processes

	python robust_BERT.py --train_full --radius 1 --ball L2


###############################
command outputs: 


LARGE: False
MAX_LEN: 256
HIDDEN_DIM: 256
N_LAYERS: 2
BIDIRECTIONAL: True
DROPOUT: 0.5
N_EPOCHS: 1
TRAIN_IMDB: True
LEARNING_RATE: 0.0005
RADIUS: 1.0
BALL_TYPE: L2
====training on imdb and testing on tomato======
=========Starting Training epoch #0==========
epoch:0, step: 0, acc: 0.0, time: 1.795s
epoch:0, step: 10, acc: 0.484, time: 19.832s
epoch:0, step: 20, acc: 0.6, time: 20.075s
epoch:0, step: 30, acc: 0.74, time: 19.787s
epoch:0, step: 40, acc: 0.794, time: 20.026s
epoch:0, step: 50, acc: 0.754, time: 19.843s
epoch:0, step: 60, acc: 0.792, time: 19.911s
epoch:0, step: 70, acc: 0.808, time: 19.836s
epoch:0, step: 80, acc: 0.734, time: 19.715s
epoch:0, step: 90, acc: 0.796, time: 19.816s
epoch:0, step: 100, acc: 0.782, time: 19.744s
epoch:0, step: 110, acc: 0.77, time: 19.884s
epoch:0, step: 120, acc: 0.826, time: 19.962s
epoch:0, step: 130, acc: 0.818, time: 20.018s
epoch:0, step: 140, acc: 0.8, time: 19.825s
epoch:0, step: 150, acc: 0.754, time: 19.837s
epoch:0, step: 160, acc: 0.782, time: 19.73s
epoch:0, step: 170, acc: 0.812, time: 19.927s
epoch:0, step: 180, acc: 0.794, time: 19.852s
epoch:0, step: 190, acc: 0.814, time: 19.823s
epoch:0, step: 200, acc: 0.836, time: 19.728s
epoch:0, step: 210, acc: 0.83, time: 19.809s
epoch:0, step: 220, acc: 0.818, time: 19.835s
epoch:0, step: 230, acc: 0.806, time: 19.903s
epoch:0, step: 240, acc: 0.838, time: 19.855s
epoch:0, step: 250, acc: 0.822, time: 19.808s
epoch:0, step: 260, acc: 0.826, time: 19.775s
epoch:0, step: 270, acc: 0.838, time: 19.738s
epoch:0, step: 280, acc: 0.832, time: 19.893s
epoch:0, step: 290, acc: 0.832, time: 19.802s
epoch:0, step: 300, acc: 0.85, time: 19.662s
epoch:0, step: 310, acc: 0.802, time: 19.721s
epoch:0, step: 320, acc: 0.794, time: 19.768s
epoch:0, step: 330, acc: 0.824, time: 19.875s
epoch:0, step: 340, acc: 0.846, time: 19.787s
epoch:0, step: 350, acc: 0.824, time: 19.783s
epoch:0, step: 360, acc: 0.844, time: 19.848s
epoch:0, step: 370, acc: 0.822, time: 19.952s
epoch:0, step: 380, acc: 0.824, time: 19.813s
epoch:0, step: 390, acc: 0.844, time: 19.959s
epoch:0, step: 400, acc: 0.836, time: 19.803s
epoch:0, step: 410, acc: 0.832, time: 19.844s
epoch:0, step: 420, acc: 0.856, time: 19.802s
epoch:0, step: 430, acc: 0.816, time: 19.934s
epoch:0, step: 440, acc: 0.882, time: 20.057s
epoch:0, step: 450, acc: 0.826, time: 19.89s
epoch:0, step: 460, acc: 0.848, time: 19.899s
epoch:0, step: 470, acc: 0.842, time: 19.813s
epoch:0, step: 480, acc: 0.81, time: 19.833s
epoch:0, step: 490, acc: 0.828, time: 19.767s
Epoch: 01 | Epoch Time: 16m 32s
	Train Loss: 0.467 | Train Acc: 80.47%
	 Val. Loss: 0.380 |  Val. Acc: 84.25%
=====test result on own dataset=====
	 Test. Loss: 0.379 |  Test. Acc: 84.90%

=====test result on other dataset=====
	 Test. Loss: 0.479 |  Test. Acc: 81.02%
###############################
end time: 2019-11-29 21:18:05.909477
elapsed time: 0:21:34.566539
