slurm submission log: 2019-11-29 16:10:54.217651
created following sbatch script: 

###############################

#!/bin/bash

#SBATCH --cpus-per-task=3
#SBATCH --gres=gpu:1
#SBATCH --job-name=shilun-job-4584844
#SBATCH --mem=16G
#SBATCH --open-mode=append
#SBATCH --output=L2R1.log
#SBATCH --partition=jag-standard
#SBATCH --time=10-0

# activate your desired anaconda environment
source activate py-3.6.8

# cd to working directory
cd .

# launch commands
srun --unbuffered run_as_child_processes 'python robust_BERT.py --radius 1'

###############################

submission to slurm complete!


###############################
slurm submission output

Submitted batch job 1155537



###############################

/var/lib/slurm/slurmd/job1155537/slurm_script: line 13: activate: No such file or directory
###############################
start time: 2019-11-29 16:11:02.141576
machine: jagupard11.stanford.edu
conda env: allan
###############################
running following processes

	python robust_BERT.py --radius 1


###############################
command outputs: 


LARGE: False
MAX_LEN: 256
HIDDEN_DIM: 256
N_LAYERS: 2
BIDIRECTIONAL: True
DROPOUT: 0.5
N_EPOCHS: 1
TRAIN_IMDB: True
LEARNING_RATE: 0.001
RADIUS: 1.0
BALL_TYPE: L2
====training on imdb and testing on tomato======
=========Starting Training epoch #0==========
epoch:0, step: 0, acc: 0.0, time: 1.121s
epoch:0, step: 10, acc: 0.53, time: 10.376s
epoch:0, step: 20, acc: 0.64, time: 10.36s
epoch:0, step: 30, acc: 0.76, time: 10.223s
epoch:0, step: 40, acc: 0.698, time: 10.349s
epoch:0, step: 50, acc: 0.742, time: 10.396s
epoch:0, step: 60, acc: 0.73, time: 10.418s
epoch:0, step: 70, acc: 0.714, time: 10.522s
epoch:0, step: 80, acc: 0.754, time: 10.437s
epoch:0, step: 90, acc: 0.796, time: 10.601s
epoch:0, step: 100, acc: 0.788, time: 10.895s
epoch:0, step: 110, acc: 0.828, time: 10.918s
epoch:0, step: 120, acc: 0.786, time: 10.759s
epoch:0, step: 130, acc: 0.768, time: 11.033s
epoch:0, step: 140, acc: 0.79, time: 10.886s
epoch:0, step: 150, acc: 0.816, time: 11.01s
Epoch: 01 | Epoch Time: 2m 50s
	Train Loss: 0.546 | Train Acc: 74.86%
	 Val. Loss: 0.407 |  Val. Acc: 83.20%
=====test result on own dataset=====
	 Test. Loss: 0.407 |  Test. Acc: 83.25%

=====test result on other dataset=====
	 Test. Loss: 0.480 |  Test. Acc: 78.04%
###############################
end time: 2019-11-29 16:17:35.058922
elapsed time: 0:06:32.917346
