slurm submission log: 2019-11-29 20:56:25.699985
created following sbatch script: 

###############################

#!/bin/bash

#SBATCH --cpus-per-task=3
#SBATCH --gres=gpu:1
#SBATCH --job-name=shilun-job-2100770
#SBATCH --mem=16G
#SBATCH --open-mode=append
#SBATCH --output=log/L2R2_full.log
#SBATCH --partition=jag-standard
#SBATCH --time=10-0

# activate your desired anaconda environment
source activate py-3.6.8

# cd to working directory
cd .

# launch commands
srun --unbuffered run_as_child_processes 'python robust_BERT.py --train_full --radius 2 --ball L2'

###############################

submission to slurm complete!


###############################
slurm submission output

Submitted batch job 1155740



###############################

/var/lib/slurm/slurmd/job1155740/slurm_script: line 13: activate: No such file or directory
###############################
start time: 2019-11-29 20:56:31.343693
machine: jagupard11.stanford.edu
conda env: allan
###############################
running following processes

	python robust_BERT.py --train_full --radius 2 --ball L2


###############################
command outputs: 


LARGE: False
MAX_LEN: 256
HIDDEN_DIM: 256
N_LAYERS: 2
BIDIRECTIONAL: True
DROPOUT: 0.5
N_EPOCHS: 1
TRAIN_IMDB: True
LEARNING_RATE: 0.0005
RADIUS: 2.0
BALL_TYPE: L2
====training on imdb and testing on tomato======
=========Starting Training epoch #0==========
epoch:0, step: 0, acc: 0.0, time: 1.012s
epoch:0, step: 10, acc: 0.474, time: 10.535s
epoch:0, step: 20, acc: 0.576, time: 10.561s
epoch:0, step: 30, acc: 0.718, time: 10.527s
epoch:0, step: 40, acc: 0.788, time: 10.588s
epoch:0, step: 50, acc: 0.764, time: 10.61s
epoch:0, step: 60, acc: 0.788, time: 10.703s
epoch:0, step: 70, acc: 0.78, time: 10.576s
epoch:0, step: 80, acc: 0.756, time: 10.581s
epoch:0, step: 90, acc: 0.798, time: 10.439s
epoch:0, step: 100, acc: 0.786, time: 10.34s
epoch:0, step: 110, acc: 0.81, time: 10.484s
epoch:0, step: 120, acc: 0.828, time: 10.542s
epoch:0, step: 130, acc: 0.82, time: 10.484s
epoch:0, step: 140, acc: 0.772, time: 10.512s
epoch:0, step: 150, acc: 0.78, time: 10.399s
epoch:0, step: 160, acc: 0.852, time: 10.378s
epoch:0, step: 170, acc: 0.814, time: 10.492s
epoch:0, step: 180, acc: 0.798, time: 10.436s
epoch:0, step: 190, acc: 0.842, time: 10.478s
epoch:0, step: 200, acc: 0.846, time: 10.484s
epoch:0, step: 210, acc: 0.854, time: 10.473s
epoch:0, step: 220, acc: 0.828, time: 10.512s
epoch:0, step: 230, acc: 0.804, time: 10.565s
epoch:0, step: 240, acc: 0.852, time: 10.533s
epoch:0, step: 250, acc: 0.874, time: 10.486s
epoch:0, step: 260, acc: 0.826, time: 10.443s
epoch:0, step: 270, acc: 0.856, time: 10.437s
epoch:0, step: 280, acc: 0.862, time: 10.509s
epoch:0, step: 290, acc: 0.85, time: 10.544s
epoch:0, step: 300, acc: 0.864, time: 10.405s
epoch:0, step: 310, acc: 0.8, time: 10.367s
epoch:0, step: 320, acc: 0.796, time: 10.481s
epoch:0, step: 330, acc: 0.848, time: 10.555s
epoch:0, step: 340, acc: 0.834, time: 10.44s
epoch:0, step: 350, acc: 0.836, time: 10.472s
epoch:0, step: 360, acc: 0.858, time: 10.483s
epoch:0, step: 370, acc: 0.838, time: 10.571s
epoch:0, step: 380, acc: 0.83, time: 10.472s
epoch:0, step: 390, acc: 0.852, time: 10.469s
epoch:0, step: 400, acc: 0.848, time: 10.473s
epoch:0, step: 410, acc: 0.826, time: 10.554s
epoch:0, step: 420, acc: 0.85, time: 10.487s
epoch:0, step: 430, acc: 0.83, time: 10.456s
epoch:0, step: 440, acc: 0.876, time: 10.491s
epoch:0, step: 450, acc: 0.836, time: 10.511s
epoch:0, step: 460, acc: 0.85, time: 10.459s
epoch:0, step: 470, acc: 0.826, time: 10.489s
epoch:0, step: 480, acc: 0.8, time: 10.531s
epoch:0, step: 490, acc: 0.81, time: 10.499s
Epoch: 01 | Epoch Time: 8m 44s
	Train Loss: 0.430 | Train Acc: 81.10%
	 Val. Loss: 0.377 |  Val. Acc: 84.70%
=====test result on own dataset=====
	 Test. Loss: 0.379 |  Test. Acc: 84.85%

=====test result on other dataset=====
	 Test. Loss: 0.504 |  Test. Acc: 81.13%
###############################
end time: 2019-11-29 21:08:44.997300
elapsed time: 0:12:13.653607
