slurm submission log: 2019-11-29 16:11:00.704354
created following sbatch script: 

###############################

#!/bin/bash

#SBATCH --cpus-per-task=3
#SBATCH --gres=gpu:1
#SBATCH --job-name=shilun-job-4980798
#SBATCH --mem=16G
#SBATCH --open-mode=append
#SBATCH --output=L2R2.log
#SBATCH --partition=jag-standard
#SBATCH --time=10-0

# activate your desired anaconda environment
source activate py-3.6.8

# cd to working directory
cd .

# launch commands
srun --unbuffered run_as_child_processes 'python robust_BERT.py --radius 2'

###############################

submission to slurm complete!


###############################
slurm submission output

Submitted batch job 1155538



###############################

/var/lib/slurm/slurmd/job1155538/slurm_script: line 13: activate: No such file or directory
###############################
start time: 2019-11-29 16:11:02.146941
machine: jagupard10.stanford.edu
conda env: allan
###############################
running following processes

	python robust_BERT.py --radius 2


###############################
command outputs: 


LARGE: False
MAX_LEN: 256
HIDDEN_DIM: 256
N_LAYERS: 2
BIDIRECTIONAL: True
DROPOUT: 0.5
N_EPOCHS: 1
TRAIN_IMDB: True
LEARNING_RATE: 0.001
RADIUS: 2.0
BALL_TYPE: L2
====training on imdb and testing on tomato======
=========Starting Training epoch #0==========
epoch:0, step: 0, acc: 0.0, time: 1.095s
epoch:0, step: 10, acc: 0.524, time: 10.855s
epoch:0, step: 20, acc: 0.696, time: 10.486s
epoch:0, step: 30, acc: 0.75, time: 10.353s
epoch:0, step: 40, acc: 0.734, time: 10.512s
epoch:0, step: 50, acc: 0.794, time: 10.443s
epoch:0, step: 60, acc: 0.804, time: 10.543s
epoch:0, step: 70, acc: 0.766, time: 10.643s
epoch:0, step: 80, acc: 0.782, time: 10.561s
epoch:0, step: 90, acc: 0.804, time: 10.679s
epoch:0, step: 100, acc: 0.848, time: 10.628s
epoch:0, step: 110, acc: 0.84, time: 10.694s
epoch:0, step: 120, acc: 0.836, time: 10.578s
epoch:0, step: 130, acc: 0.782, time: 10.688s
epoch:0, step: 140, acc: 0.804, time: 10.669s
epoch:0, step: 150, acc: 0.82, time: 10.809s
Epoch: 01 | Epoch Time: 2m 49s
	Train Loss: 0.485 | Train Acc: 77.62%
	 Val. Loss: 0.372 |  Val. Acc: 84.30%
=====test result on own dataset=====
	 Test. Loss: 0.367 |  Test. Acc: 84.00%

=====test result on other dataset=====
	 Test. Loss: 0.496 |  Test. Acc: 79.41%
###############################
end time: 2019-11-29 16:17:35.037706
elapsed time: 0:06:32.890765
