slurm submission log: 2019-11-29 16:47:51.474710
created following sbatch script: 

###############################

#!/bin/bash

#SBATCH --cpus-per-task=3
#SBATCH --gres=gpu:1
#SBATCH --job-name=shilun-job-53883
#SBATCH --mem=16G
#SBATCH --open-mode=append
#SBATCH --output=L2R4.log
#SBATCH --partition=jag-standard
#SBATCH --time=10-0

# activate your desired anaconda environment
source activate py-3.6.8

# cd to working directory
cd .

# launch commands
srun --unbuffered run_as_child_processes 'python robust_BERT.py --ball L2 --radius 4'

###############################

submission to slurm complete!


###############################
slurm submission output

Submitted batch job 1155571



###############################

/var/lib/slurm/slurmd/job1155571/slurm_script: line 13: activate: No such file or directory
###############################
start time: 2019-11-29 17:03:57.083990
machine: jagupard11.stanford.edu
conda env: allan
###############################
running following processes

	python robust_BERT.py --ball L2 --radius 4


###############################
command outputs: 


LARGE: False
MAX_LEN: 256
HIDDEN_DIM: 256
N_LAYERS: 2
BIDIRECTIONAL: True
DROPOUT: 0.5
N_EPOCHS: 1
TRAIN_IMDB: True
LEARNING_RATE: 0.001
RADIUS: 4.0
BALL_TYPE: L2
====training on imdb and testing on tomato======
=========Starting Training epoch #0==========
epoch:0, step: 0, acc: 0.0, time: 1.047s
epoch:0, step: 10, acc: 0.544, time: 10.85s
epoch:0, step: 20, acc: 0.69, time: 10.609s
epoch:0, step: 30, acc: 0.758, time: 10.454s
epoch:0, step: 40, acc: 0.764, time: 10.582s
epoch:0, step: 50, acc: 0.802, time: 10.652s
epoch:0, step: 60, acc: 0.798, time: 10.707s
epoch:0, step: 70, acc: 0.792, time: 10.787s
epoch:0, step: 80, acc: 0.782, time: 11.267s
epoch:0, step: 90, acc: 0.82, time: 11.207s
epoch:0, step: 100, acc: 0.846, time: 11.042s
epoch:0, step: 110, acc: 0.836, time: 11.143s
epoch:0, step: 120, acc: 0.81, time: 10.948s
epoch:0, step: 130, acc: 0.784, time: 11.297s
epoch:0, step: 140, acc: 0.804, time: 11.13s
epoch:0, step: 150, acc: 0.808, time: 11.233s
Epoch: 01 | Epoch Time: 2m 54s
	Train Loss: 0.470 | Train Acc: 77.97%
	 Val. Loss: 0.379 |  Val. Acc: 83.05%
=====test result on own dataset=====
	 Test. Loss: 0.382 |  Test. Acc: 82.50%

=====test result on other dataset=====
	 Test. Loss: 0.485 |  Test. Acc: 77.98%
###############################
end time: 2019-11-29 17:10:19.542612
elapsed time: 0:06:22.458622
