slurm submission log: 2019-11-29 20:56:25.838090
created following sbatch script: 

###############################

#!/bin/bash

#SBATCH --cpus-per-task=3
#SBATCH --gres=gpu:1
#SBATCH --job-name=shilun-job-3066284
#SBATCH --mem=16G
#SBATCH --open-mode=append
#SBATCH --output=log/L2R5_full.log
#SBATCH --partition=jag-standard
#SBATCH --time=10-0

# activate your desired anaconda environment
source activate py-3.6.8

# cd to working directory
cd .

# launch commands
srun --unbuffered run_as_child_processes 'python robust_BERT.py --train_full --radius 5 --ball L2'

###############################

submission to slurm complete!


###############################
slurm submission output

Submitted batch job 1155741



###############################

/var/lib/slurm/slurmd/job1155741/slurm_script: line 13: activate: No such file or directory
###############################
start time: 2019-11-29 20:56:31.304249
machine: jagupard10.stanford.edu
conda env: allan
###############################
running following processes

	python robust_BERT.py --train_full --radius 5 --ball L2


###############################
command outputs: 


LARGE: False
MAX_LEN: 256
HIDDEN_DIM: 256
N_LAYERS: 2
BIDIRECTIONAL: True
DROPOUT: 0.5
N_EPOCHS: 1
TRAIN_IMDB: True
LEARNING_RATE: 0.0005
RADIUS: 5.0
BALL_TYPE: L2
====training on imdb and testing on tomato======
=========Starting Training epoch #0==========
epoch:0, step: 0, acc: 0.0, time: 0.999s
epoch:0, step: 10, acc: 0.484, time: 10.4s
epoch:0, step: 20, acc: 0.594, time: 10.791s
epoch:0, step: 30, acc: 0.7, time: 10.532s
epoch:0, step: 40, acc: 0.8, time: 10.508s
epoch:0, step: 50, acc: 0.764, time: 10.434s
epoch:0, step: 60, acc: 0.784, time: 10.548s
epoch:0, step: 70, acc: 0.808, time: 10.296s
epoch:0, step: 80, acc: 0.81, time: 10.243s
epoch:0, step: 90, acc: 0.818, time: 10.606s
epoch:0, step: 100, acc: 0.826, time: 10.489s
epoch:0, step: 110, acc: 0.81, time: 10.664s
epoch:0, step: 120, acc: 0.818, time: 10.71s
epoch:0, step: 130, acc: 0.822, time: 10.669s
epoch:0, step: 140, acc: 0.796, time: 10.568s
epoch:0, step: 150, acc: 0.792, time: 10.611s
epoch:0, step: 160, acc: 0.85, time: 10.497s
epoch:0, step: 170, acc: 0.84, time: 10.528s
epoch:0, step: 180, acc: 0.798, time: 10.429s
epoch:0, step: 190, acc: 0.834, time: 10.49s
epoch:0, step: 200, acc: 0.842, time: 10.484s
epoch:0, step: 210, acc: 0.854, time: 10.486s
epoch:0, step: 220, acc: 0.848, time: 10.505s
epoch:0, step: 230, acc: 0.822, time: 10.635s
epoch:0, step: 240, acc: 0.846, time: 10.496s
epoch:0, step: 250, acc: 0.872, time: 10.544s
epoch:0, step: 260, acc: 0.834, time: 10.449s
epoch:0, step: 270, acc: 0.85, time: 10.446s
epoch:0, step: 280, acc: 0.844, time: 10.563s
epoch:0, step: 290, acc: 0.84, time: 10.573s
epoch:0, step: 300, acc: 0.87, time: 10.489s
epoch:0, step: 310, acc: 0.802, time: 10.441s
epoch:0, step: 320, acc: 0.802, time: 10.599s
epoch:0, step: 330, acc: 0.838, time: 10.8s
epoch:0, step: 340, acc: 0.836, time: 10.359s
epoch:0, step: 350, acc: 0.82, time: 10.452s
epoch:0, step: 360, acc: 0.852, time: 10.553s
epoch:0, step: 370, acc: 0.838, time: 10.578s
epoch:0, step: 380, acc: 0.822, time: 10.608s
epoch:0, step: 390, acc: 0.842, time: 10.592s
epoch:0, step: 400, acc: 0.86, time: 10.662s
epoch:0, step: 410, acc: 0.842, time: 10.631s
epoch:0, step: 420, acc: 0.868, time: 10.586s
epoch:0, step: 430, acc: 0.846, time: 10.576s
epoch:0, step: 440, acc: 0.862, time: 10.687s
epoch:0, step: 450, acc: 0.84, time: 10.771s
epoch:0, step: 460, acc: 0.858, time: 10.485s
epoch:0, step: 470, acc: 0.836, time: 10.345s
epoch:0, step: 480, acc: 0.824, time: 10.758s
epoch:0, step: 490, acc: 0.836, time: 10.552s
Epoch: 01 | Epoch Time: 8m 47s
	Train Loss: 0.406 | Train Acc: 81.68%
	 Val. Loss: 0.358 |  Val. Acc: 84.05%
=====test result on own dataset=====
	 Test. Loss: 0.376 |  Test. Acc: 83.45%

=====test result on other dataset=====
	 Test. Loss: 0.526 |  Test. Acc: 75.75%
###############################
end time: 2019-11-29 21:08:34.464539
elapsed time: 0:12:03.160290
