slurm submission log: 2019-11-29 16:11:10.807114
created following sbatch script: 

###############################

#!/bin/bash

#SBATCH --cpus-per-task=3
#SBATCH --gres=gpu:1
#SBATCH --job-name=shilun-job-4417280
#SBATCH --mem=16G
#SBATCH --open-mode=append
#SBATCH --output=L2R5.log
#SBATCH --partition=jag-standard
#SBATCH --time=10-0

# activate your desired anaconda environment
source activate py-3.6.8

# cd to working directory
cd .

# launch commands
srun --unbuffered run_as_child_processes 'python robust_BERT.py --radius 5'

###############################

submission to slurm complete!


###############################
slurm submission output

Submitted batch job 1155539



###############################

/var/lib/slurm/slurmd/job1155539/slurm_script: line 13: activate: No such file or directory
###############################
start time: 2019-11-29 16:18:02.437063
machine: jagupard11.stanford.edu
conda env: allan
###############################
running following processes

	python robust_BERT.py --radius 5


###############################
command outputs: 


LARGE: False
MAX_LEN: 256
HIDDEN_DIM: 256
N_LAYERS: 2
BIDIRECTIONAL: True
DROPOUT: 0.5
N_EPOCHS: 1
TRAIN_IMDB: True
LEARNING_RATE: 0.001
RADIUS: 5.0
BALL_TYPE: L2
====training on imdb and testing on tomato======
=========Starting Training epoch #0==========
epoch:0, step: 0, acc: 0.0, time: 1.07s
epoch:0, step: 10, acc: 0.548, time: 10.58s
epoch:0, step: 20, acc: 0.692, time: 10.62s
epoch:0, step: 30, acc: 0.752, time: 10.488s
epoch:0, step: 40, acc: 0.756, time: 10.633s
epoch:0, step: 50, acc: 0.8, time: 10.668s
epoch:0, step: 60, acc: 0.814, time: 10.657s
epoch:0, step: 70, acc: 0.798, time: 11.256s
epoch:0, step: 80, acc: 0.806, time: 11.16s
epoch:0, step: 90, acc: 0.822, time: 11.125s
epoch:0, step: 100, acc: 0.838, time: 11.056s
epoch:0, step: 110, acc: 0.836, time: 11.1s
epoch:0, step: 120, acc: 0.81, time: 11.0s
epoch:0, step: 130, acc: 0.812, time: 11.307s
epoch:0, step: 140, acc: 0.804, time: 11.126s
epoch:0, step: 150, acc: 0.81, time: 11.224s
Epoch: 01 | Epoch Time: 2m 55s
	Train Loss: 0.461 | Train Acc: 78.29%
	 Val. Loss: 0.398 |  Val. Acc: 83.15%
=====test result on own dataset=====
	 Test. Loss: 0.390 |  Test. Acc: 83.60%

=====test result on other dataset=====
	 Test. Loss: 0.444 |  Test. Acc: 81.42%
###############################
end time: 2019-11-29 16:23:54.876678
elapsed time: 0:05:52.439615
