slurm submission log: 2019-11-29 16:16:59.653003
created following sbatch script: 

###############################

#!/bin/bash

#SBATCH --cpus-per-task=3
#SBATCH --gres=gpu:1
#SBATCH --job-name=shilun-job-3540382
#SBATCH --mem=16G
#SBATCH --open-mode=append
#SBATCH --output=L4R1.log
#SBATCH --partition=jag-standard
#SBATCH --time=10-0

# activate your desired anaconda environment
source activate py-3.6.8

# cd to working directory
cd .

# launch commands
srun --unbuffered run_as_child_processes 'python robust_BERT.py --ball L4 --radius 1'

###############################

submission to slurm complete!


###############################
slurm submission output

Submitted batch job 1155546



###############################

/var/lib/slurm/slurmd/job1155546/slurm_script: line 13: activate: No such file or directory
###############################
start time: 2019-11-29 16:30:03.145033
machine: jagupard11.stanford.edu
conda env: allan
###############################
running following processes

	python robust_BERT.py --ball L4 --radius 1


###############################
command outputs: 


LARGE: False
MAX_LEN: 256
HIDDEN_DIM: 256
N_LAYERS: 2
BIDIRECTIONAL: True
DROPOUT: 0.5
N_EPOCHS: 1
TRAIN_IMDB: True
LEARNING_RATE: 0.001
RADIUS: 1.0
BALL_TYPE: L4
====training on imdb and testing on tomato======
=========Starting Training epoch #0==========
epoch:0, step: 0, acc: 0.0, time: 0.995s
epoch:0, step: 10, acc: 0.538, time: 10.568s
epoch:0, step: 20, acc: 0.7, time: 10.589s
epoch:0, step: 30, acc: 0.742, time: 10.415s
epoch:0, step: 40, acc: 0.702, time: 10.596s
epoch:0, step: 50, acc: 0.798, time: 10.636s
epoch:0, step: 60, acc: 0.808, time: 10.686s
epoch:0, step: 70, acc: 0.79, time: 11.156s
epoch:0, step: 80, acc: 0.788, time: 11.133s
epoch:0, step: 90, acc: 0.822, time: 11.11s
epoch:0, step: 100, acc: 0.82, time: 11.03s
epoch:0, step: 110, acc: 0.832, time: 11.127s
epoch:0, step: 120, acc: 0.832, time: 10.989s
epoch:0, step: 130, acc: 0.8, time: 11.247s
epoch:0, step: 140, acc: 0.816, time: 11.133s
epoch:0, step: 150, acc: 0.794, time: 11.228s
Epoch: 01 | Epoch Time: 2m 54s
	Train Loss: 0.474 | Train Acc: 77.59%
	 Val. Loss: 0.431 |  Val. Acc: 82.35%
=====test result on own dataset=====
	 Test. Loss: 0.430 |  Test. Acc: 82.25%

=====test result on other dataset=====
	 Test. Loss: 0.694 |  Test. Acc: 75.00%
###############################
end time: 2019-11-29 16:36:05.713460
elapsed time: 0:06:02.568427
