slurm submission log: 2019-11-29 19:19:59.505457
created following sbatch script: 

###############################

#!/bin/bash

#SBATCH --cpus-per-task=3
#SBATCH --gres=gpu:1
#SBATCH --job-name=shilun-job-2037183
#SBATCH --mem=16G
#SBATCH --open-mode=append
#SBATCH --output=log/L4R1_full.log
#SBATCH --partition=jag-standard
#SBATCH --time=10-0

# activate your desired anaconda environment
source activate py-3.6.8

# cd to working directory
cd .

# launch commands
srun --unbuffered run_as_child_processes 'python robust_BERT.py --train_full --radius 1 --ball L4'

###############################

submission to slurm complete!


###############################
slurm submission output

Submitted batch job 1155715



###############################

/var/lib/slurm/slurmd/job1155715/slurm_script: line 13: activate: No such file or directory
###############################
start time: 2019-11-29 20:03:05.665195
machine: jagupard5.stanford.edu
conda env: allan
###############################
running following processes

	python robust_BERT.py --train_full --radius 1 --ball L4


###############################
command outputs: 


LARGE: False
MAX_LEN: 256
HIDDEN_DIM: 256
N_LAYERS: 2
BIDIRECTIONAL: True
DROPOUT: 0.5
N_EPOCHS: 1
TRAIN_IMDB: True
LEARNING_RATE: 0.0005
RADIUS: 1.0
BALL_TYPE: L4
====training on imdb and testing on tomato======
=========Starting Training epoch #0==========
epoch:0, step: 0, acc: 0.0, time: 1.804s
epoch:0, step: 10, acc: 0.514, time: 19.851s
epoch:0, step: 20, acc: 0.566, time: 19.769s
epoch:0, step: 30, acc: 0.692, time: 19.851s
epoch:0, step: 40, acc: 0.784, time: 19.797s
epoch:0, step: 50, acc: 0.762, time: 19.931s
epoch:0, step: 60, acc: 0.782, time: 19.919s
epoch:0, step: 70, acc: 0.798, time: 19.823s
epoch:0, step: 80, acc: 0.788, time: 19.756s
epoch:0, step: 90, acc: 0.788, time: 19.864s
epoch:0, step: 100, acc: 0.806, time: 19.789s
epoch:0, step: 110, acc: 0.824, time: 19.949s
epoch:0, step: 120, acc: 0.848, time: 20.029s
epoch:0, step: 130, acc: 0.824, time: 19.905s
epoch:0, step: 140, acc: 0.8, time: 19.811s
epoch:0, step: 150, acc: 0.762, time: 19.813s
epoch:0, step: 160, acc: 0.84, time: 19.71s
epoch:0, step: 170, acc: 0.806, time: 19.858s
epoch:0, step: 180, acc: 0.79, time: 19.758s
epoch:0, step: 190, acc: 0.832, time: 19.762s
epoch:0, step: 200, acc: 0.824, time: 19.715s
epoch:0, step: 210, acc: 0.85, time: 19.76s
epoch:0, step: 220, acc: 0.83, time: 19.937s
epoch:0, step: 230, acc: 0.806, time: 19.9s
epoch:0, step: 240, acc: 0.858, time: 19.832s
epoch:0, step: 250, acc: 0.85, time: 19.76s
epoch:0, step: 260, acc: 0.818, time: 19.924s
epoch:0, step: 270, acc: 0.85, time: 19.912s
epoch:0, step: 280, acc: 0.856, time: 19.843s
epoch:0, step: 290, acc: 0.838, time: 19.83s
epoch:0, step: 300, acc: 0.864, time: 19.723s
epoch:0, step: 310, acc: 0.804, time: 19.635s
epoch:0, step: 320, acc: 0.802, time: 19.806s
epoch:0, step: 330, acc: 0.824, time: 19.888s
epoch:0, step: 340, acc: 0.844, time: 19.866s
epoch:0, step: 350, acc: 0.822, time: 19.901s
epoch:0, step: 360, acc: 0.87, time: 19.955s
epoch:0, step: 370, acc: 0.836, time: 20.0s
epoch:0, step: 380, acc: 0.828, time: 19.887s
epoch:0, step: 390, acc: 0.846, time: 19.826s
epoch:0, step: 400, acc: 0.864, time: 19.886s
epoch:0, step: 410, acc: 0.84, time: 19.908s
epoch:0, step: 420, acc: 0.86, time: 19.787s
epoch:0, step: 430, acc: 0.834, time: 19.835s
epoch:0, step: 440, acc: 0.886, time: 19.874s
epoch:0, step: 450, acc: 0.83, time: 19.848s
epoch:0, step: 460, acc: 0.85, time: 19.759s
epoch:0, step: 470, acc: 0.822, time: 19.827s
epoch:0, step: 480, acc: 0.814, time: 20.039s
epoch:0, step: 490, acc: 0.828, time: 19.806s
Epoch: 01 | Epoch Time: 16m 32s
	Train Loss: 0.416 | Train Acc: 81.20%
	 Val. Loss: 0.395 |  Val. Acc: 84.90%
=====test result on own dataset=====
	 Test. Loss: 0.408 |  Test. Acc: 84.90%

=====test result on other dataset=====
	 Test. Loss: 0.597 |  Test. Acc: 80.10%
###############################
end time: 2019-11-29 20:24:22.159769
elapsed time: 0:21:16.494574
