slurm submission log: 2019-11-29 19:20:00.097837
created following sbatch script: 

###############################

#!/bin/bash

#SBATCH --cpus-per-task=3
#SBATCH --gres=gpu:1
#SBATCH --job-name=shilun-job-4554138
#SBATCH --mem=16G
#SBATCH --open-mode=append
#SBATCH --output=log/L4R10_full.log
#SBATCH --partition=jag-standard
#SBATCH --time=10-0

# activate your desired anaconda environment
source activate py-3.6.8

# cd to working directory
cd .

# launch commands
srun --unbuffered run_as_child_processes 'python robust_BERT.py --train_full --radius 10 --ball L4'

###############################

submission to slurm complete!


###############################
slurm submission output

Submitted batch job 1155718



###############################

/var/lib/slurm/slurmd/job1155718/slurm_script: line 13: activate: No such file or directory
###############################
start time: 2019-11-29 20:12:56.117028
machine: jagupard12.stanford.edu
conda env: allan
###############################
running following processes

	python robust_BERT.py --train_full --radius 10 --ball L4


###############################
command outputs: 


LARGE: False
MAX_LEN: 256
HIDDEN_DIM: 256
N_LAYERS: 2
BIDIRECTIONAL: True
DROPOUT: 0.5
N_EPOCHS: 1
TRAIN_IMDB: True
LEARNING_RATE: 0.0005
RADIUS: 10.0
BALL_TYPE: L4
====training on imdb and testing on tomato======
=========Starting Training epoch #0==========
epoch:0, step: 0, acc: 0.0, time: 1.319s
epoch:0, step: 10, acc: 0.484, time: 10.747s
epoch:0, step: 20, acc: 0.594, time: 10.571s
epoch:0, step: 30, acc: 0.704, time: 10.759s
epoch:0, step: 40, acc: 0.798, time: 10.925s
epoch:0, step: 50, acc: 0.766, time: 10.702s
epoch:0, step: 60, acc: 0.794, time: 10.742s
epoch:0, step: 70, acc: 0.812, time: 10.962s
epoch:0, step: 80, acc: 0.802, time: 10.65s
epoch:0, step: 90, acc: 0.806, time: 10.822s
epoch:0, step: 100, acc: 0.814, time: 10.734s
epoch:0, step: 110, acc: 0.806, time: 10.84s
epoch:0, step: 120, acc: 0.818, time: 11.011s
epoch:0, step: 130, acc: 0.836, time: 10.908s
epoch:0, step: 140, acc: 0.808, time: 10.85s
epoch:0, step: 150, acc: 0.814, time: 10.809s
epoch:0, step: 160, acc: 0.854, time: 10.847s
epoch:0, step: 170, acc: 0.824, time: 11.012s
epoch:0, step: 180, acc: 0.796, time: 10.853s
epoch:0, step: 190, acc: 0.83, time: 10.889s
epoch:0, step: 200, acc: 0.85, time: 10.847s
epoch:0, step: 210, acc: 0.864, time: 10.864s
epoch:0, step: 220, acc: 0.85, time: 10.986s
epoch:0, step: 230, acc: 0.808, time: 11.017s
epoch:0, step: 240, acc: 0.844, time: 11.01s
epoch:0, step: 250, acc: 0.874, time: 10.791s
epoch:0, step: 260, acc: 0.828, time: 10.902s
epoch:0, step: 270, acc: 0.862, time: 10.709s
epoch:0, step: 280, acc: 0.854, time: 10.896s
epoch:0, step: 290, acc: 0.85, time: 10.906s
epoch:0, step: 300, acc: 0.872, time: 10.759s
epoch:0, step: 310, acc: 0.816, time: 10.69s
epoch:0, step: 320, acc: 0.804, time: 10.873s
epoch:0, step: 330, acc: 0.832, time: 10.983s
epoch:0, step: 340, acc: 0.862, time: 10.787s
epoch:0, step: 350, acc: 0.838, time: 10.702s
epoch:0, step: 360, acc: 0.864, time: 10.777s
epoch:0, step: 370, acc: 0.85, time: 11.017s
epoch:0, step: 380, acc: 0.826, time: 10.748s
epoch:0, step: 390, acc: 0.848, time: 10.979s
epoch:0, step: 400, acc: 0.866, time: 10.92s
epoch:0, step: 410, acc: 0.84, time: 10.986s
epoch:0, step: 420, acc: 0.868, time: 10.904s
epoch:0, step: 430, acc: 0.854, time: 10.896s
epoch:0, step: 440, acc: 0.862, time: 10.928s
epoch:0, step: 450, acc: 0.848, time: 10.93s
epoch:0, step: 460, acc: 0.862, time: 10.88s
epoch:0, step: 470, acc: 0.858, time: 10.738s
epoch:0, step: 480, acc: 0.828, time: 10.889s
epoch:0, step: 490, acc: 0.842, time: 10.643s
Epoch: 01 | Epoch Time: 9m 2s
	Train Loss: 0.392 | Train Acc: 82.11%
	 Val. Loss: 0.332 |  Val. Acc: 85.95%
=====test result on own dataset=====
	 Test. Loss: 0.342 |  Test. Acc: 84.95%

=====test result on other dataset=====
	 Test. Loss: 0.463 |  Test. Acc: 80.16%
###############################
end time: 2019-11-29 20:25:29.612792
elapsed time: 0:12:33.495764
