slurm submission log: 2019-11-29 19:20:00.282138
created following sbatch script: 

###############################

#!/bin/bash

#SBATCH --cpus-per-task=3
#SBATCH --gres=gpu:1
#SBATCH --job-name=shilun-job-1454195
#SBATCH --mem=16G
#SBATCH --open-mode=append
#SBATCH --output=log/L4R15_full.log
#SBATCH --partition=jag-standard
#SBATCH --time=10-0

# activate your desired anaconda environment
source activate py-3.6.8

# cd to working directory
cd .

# launch commands
srun --unbuffered run_as_child_processes 'python robust_BERT.py --train_full --radius 15 --ball L4'

###############################

submission to slurm complete!


###############################
slurm submission output

Submitted batch job 1155719



###############################

/var/lib/slurm/slurmd/job1155719/slurm_script: line 13: activate: No such file or directory
###############################
start time: 2019-11-29 20:19:55.707198
machine: jagupard11.stanford.edu
conda env: allan
###############################
running following processes

	python robust_BERT.py --train_full --radius 15 --ball L4


###############################
command outputs: 


LARGE: False
MAX_LEN: 256
HIDDEN_DIM: 256
N_LAYERS: 2
BIDIRECTIONAL: True
DROPOUT: 0.5
N_EPOCHS: 1
TRAIN_IMDB: True
LEARNING_RATE: 0.0005
RADIUS: 15.0
BALL_TYPE: L4
====training on imdb and testing on tomato======
=========Starting Training epoch #0==========
epoch:0, step: 0, acc: 0.0, time: 0.989s
epoch:0, step: 10, acc: 0.484, time: 10.616s
epoch:0, step: 20, acc: 0.594, time: 10.556s
epoch:0, step: 30, acc: 0.704, time: 10.665s
epoch:0, step: 40, acc: 0.798, time: 10.738s
epoch:0, step: 50, acc: 0.766, time: 10.626s
epoch:0, step: 60, acc: 0.794, time: 10.699s
epoch:0, step: 70, acc: 0.812, time: 10.596s
epoch:0, step: 80, acc: 0.802, time: 10.557s
epoch:0, step: 90, acc: 0.806, time: 10.72s
epoch:0, step: 100, acc: 0.814, time: 10.564s
epoch:0, step: 110, acc: 0.806, time: 10.755s
epoch:0, step: 120, acc: 0.818, time: 10.724s
epoch:0, step: 130, acc: 0.836, time: 10.701s
epoch:0, step: 140, acc: 0.808, time: 10.691s
epoch:0, step: 150, acc: 0.814, time: 10.645s
epoch:0, step: 160, acc: 0.854, time: 10.659s
epoch:0, step: 170, acc: 0.824, time: 10.643s
epoch:0, step: 180, acc: 0.796, time: 10.611s
epoch:0, step: 190, acc: 0.83, time: 10.67s
epoch:0, step: 200, acc: 0.85, time: 10.584s
epoch:0, step: 210, acc: 0.866, time: 10.67s
epoch:0, step: 220, acc: 0.848, time: 10.698s
epoch:0, step: 230, acc: 0.812, time: 10.768s
epoch:0, step: 240, acc: 0.848, time: 10.718s
epoch:0, step: 250, acc: 0.87, time: 10.56s
epoch:0, step: 260, acc: 0.812, time: 10.563s
epoch:0, step: 270, acc: 0.86, time: 10.445s
epoch:0, step: 280, acc: 0.848, time: 10.571s
epoch:0, step: 290, acc: 0.84, time: 10.698s
epoch:0, step: 300, acc: 0.874, time: 10.578s
epoch:0, step: 310, acc: 0.808, time: 10.646s
epoch:0, step: 320, acc: 0.81, time: 10.496s
epoch:0, step: 330, acc: 0.838, time: 10.561s
epoch:0, step: 340, acc: 0.85, time: 10.452s
epoch:0, step: 350, acc: 0.842, time: 10.533s
epoch:0, step: 360, acc: 0.868, time: 10.499s
epoch:0, step: 370, acc: 0.824, time: 10.582s
epoch:0, step: 380, acc: 0.826, time: 10.491s
epoch:0, step: 390, acc: 0.844, time: 10.495s
epoch:0, step: 400, acc: 0.86, time: 10.511s
epoch:0, step: 410, acc: 0.854, time: 10.586s
epoch:0, step: 420, acc: 0.86, time: 10.517s
epoch:0, step: 430, acc: 0.836, time: 10.463s
epoch:0, step: 440, acc: 0.88, time: 10.478s
epoch:0, step: 450, acc: 0.846, time: 10.536s
epoch:0, step: 460, acc: 0.868, time: 10.472s
epoch:0, step: 470, acc: 0.85, time: 10.488s
epoch:0, step: 480, acc: 0.826, time: 10.547s
epoch:0, step: 490, acc: 0.85, time: 10.488s
Epoch: 01 | Epoch Time: 8m 49s
	Train Loss: 0.393 | Train Acc: 81.94%
	 Val. Loss: 0.328 |  Val. Acc: 85.65%
=====test result on own dataset=====
	 Test. Loss: 0.338 |  Test. Acc: 85.10%

=====test result on other dataset=====
	 Test. Loss: 0.432 |  Test. Acc: 79.70%
###############################
end time: 2019-11-29 20:31:39.295538
elapsed time: 0:11:43.588340
