slurm submission log: 2019-11-29 16:47:14.106189
created following sbatch script: 

###############################

#!/bin/bash

#SBATCH --cpus-per-task=3
#SBATCH --gres=gpu:1
#SBATCH --job-name=shilun-job-2021883
#SBATCH --mem=16G
#SBATCH --open-mode=append
#SBATCH --output=L4R10.log
#SBATCH --partition=jag-standard
#SBATCH --time=10-0

# activate your desired anaconda environment
source activate py-3.6.8

# cd to working directory
cd .

# launch commands
srun --unbuffered run_as_child_processes 'python robust_BERT.py --ball L4 --radius 10'

###############################

submission to slurm complete!


###############################
slurm submission output

Submitted batch job 1155570



###############################

/var/lib/slurm/slurmd/job1155570/slurm_script: line 13: activate: No such file or directory
###############################
start time: 2019-11-29 17:02:57.066245
machine: jagupard10.stanford.edu
conda env: allan
###############################
running following processes

	python robust_BERT.py --ball L4 --radius 10


###############################
command outputs: 


LARGE: False
MAX_LEN: 256
HIDDEN_DIM: 256
N_LAYERS: 2
BIDIRECTIONAL: True
DROPOUT: 0.5
N_EPOCHS: 1
TRAIN_IMDB: True
LEARNING_RATE: 0.001
RADIUS: 10.0
BALL_TYPE: L4
====training on imdb and testing on tomato======
=========Starting Training epoch #0==========
epoch:0, step: 0, acc: 0.0, time: 1.01s
epoch:0, step: 10, acc: 0.548, time: 10.458s
epoch:0, step: 20, acc: 0.696, time: 10.535s
epoch:0, step: 30, acc: 0.758, time: 10.415s
epoch:0, step: 40, acc: 0.74, time: 10.255s
epoch:0, step: 50, acc: 0.784, time: 10.359s
epoch:0, step: 60, acc: 0.792, time: 10.462s
epoch:0, step: 70, acc: 0.766, time: 10.66s
epoch:0, step: 80, acc: 0.768, time: 10.392s
epoch:0, step: 90, acc: 0.786, time: 10.728s
epoch:0, step: 100, acc: 0.83, time: 10.478s
epoch:0, step: 110, acc: 0.836, time: 10.561s
epoch:0, step: 120, acc: 0.844, time: 10.596s
epoch:0, step: 130, acc: 0.828, time: 10.796s
epoch:0, step: 140, acc: 0.818, time: 10.662s
epoch:0, step: 150, acc: 0.828, time: 10.902s
Epoch: 01 | Epoch Time: 2m 48s
	Train Loss: 0.456 | Train Acc: 77.91%
	 Val. Loss: 0.351 |  Val. Acc: 84.70%
=====test result on own dataset=====
	 Test. Loss: 0.352 |  Test. Acc: 83.95%

=====test result on other dataset=====
	 Test. Loss: 0.437 |  Test. Acc: 80.90%
###############################
end time: 2019-11-29 17:08:59.612060
elapsed time: 0:06:02.545815
