slurm submission log: 2019-11-29 17:10:59.303024
created following sbatch script: 

###############################

#!/bin/bash

#SBATCH --cpus-per-task=3
#SBATCH --gres=gpu:1
#SBATCH --job-name=shilun-job-1123481
#SBATCH --mem=16G
#SBATCH --open-mode=append
#SBATCH --output=L4R15.log
#SBATCH --partition=jag-standard
#SBATCH --time=10-0

# activate your desired anaconda environment
source activate py-3.6.8

# cd to working directory
cd .

# launch commands
srun --unbuffered run_as_child_processes 'python robust_BERT.py --ball L4 --radius 15'

###############################

submission to slurm complete!


###############################
slurm submission output

Submitted batch job 1155582



###############################

/var/lib/slurm/slurmd/job1155582/slurm_script: line 13: activate: No such file or directory
###############################
start time: 2019-11-29 17:11:27.533039
machine: jagupard11.stanford.edu
conda env: allan
###############################
running following processes

	python robust_BERT.py --ball L4 --radius 15


###############################
command outputs: 


LARGE: False
MAX_LEN: 256
HIDDEN_DIM: 256
N_LAYERS: 2
BIDIRECTIONAL: True
DROPOUT: 0.5
N_EPOCHS: 1
TRAIN_IMDB: True
LEARNING_RATE: 0.001
RADIUS: 15.0
BALL_TYPE: L4
====training on imdb and testing on tomato======
=========Starting Training epoch #0==========
epoch:0, step: 0, acc: 0.0, time: 1.078s
epoch:0, step: 10, acc: 0.548, time: 10.845s
epoch:0, step: 20, acc: 0.696, time: 10.576s
epoch:0, step: 30, acc: 0.758, time: 10.477s
epoch:0, step: 40, acc: 0.74, time: 10.568s
epoch:0, step: 50, acc: 0.784, time: 10.634s
epoch:0, step: 60, acc: 0.792, time: 10.687s
epoch:0, step: 70, acc: 0.766, time: 10.753s
epoch:0, step: 80, acc: 0.768, time: 10.935s
epoch:0, step: 90, acc: 0.786, time: 11.232s
epoch:0, step: 100, acc: 0.83, time: 11.1s
epoch:0, step: 110, acc: 0.836, time: 11.096s
epoch:0, step: 120, acc: 0.838, time: 11.016s
epoch:0, step: 130, acc: 0.824, time: 11.258s
epoch:0, step: 140, acc: 0.804, time: 11.156s
epoch:0, step: 150, acc: 0.818, time: 11.249s
Epoch: 01 | Epoch Time: 2m 54s
	Train Loss: 0.456 | Train Acc: 77.70%
	 Val. Loss: 0.357 |  Val. Acc: 84.00%
=====test result on own dataset=====
	 Test. Loss: 0.355 |  Test. Acc: 84.05%

=====test result on other dataset=====
	 Test. Loss: 0.458 |  Test. Acc: 79.30%
###############################
end time: 2019-11-29 17:17:30.296891
elapsed time: 0:06:02.763852
