slurm submission log: 2019-11-29 16:17:06.737905
created following sbatch script: 

###############################

#!/bin/bash

#SBATCH --cpus-per-task=3
#SBATCH --gres=gpu:1
#SBATCH --job-name=shilun-job-2184942
#SBATCH --mem=16G
#SBATCH --open-mode=append
#SBATCH --output=L4R2.log
#SBATCH --partition=jag-standard
#SBATCH --time=10-0

# activate your desired anaconda environment
source activate py-3.6.8

# cd to working directory
cd .

# launch commands
srun --unbuffered run_as_child_processes 'python robust_BERT.py --ball L4 --radius 2'

###############################

submission to slurm complete!


###############################
slurm submission output

Submitted batch job 1155547



###############################

/var/lib/slurm/slurmd/job1155547/slurm_script: line 13: activate: No such file or directory
###############################
start time: 2019-11-29 16:30:03.052915
machine: jagupard10.stanford.edu
conda env: allan
###############################
running following processes

	python robust_BERT.py --ball L4 --radius 2


###############################
command outputs: 


LARGE: False
MAX_LEN: 256
HIDDEN_DIM: 256
N_LAYERS: 2
BIDIRECTIONAL: True
DROPOUT: 0.5
N_EPOCHS: 1
TRAIN_IMDB: True
LEARNING_RATE: 0.001
RADIUS: 2.0
BALL_TYPE: L4
====training on imdb and testing on tomato======
=========Starting Training epoch #0==========
epoch:0, step: 0, acc: 0.0, time: 1.025s
epoch:0, step: 10, acc: 0.548, time: 10.572s
epoch:0, step: 20, acc: 0.696, time: 10.587s
epoch:0, step: 30, acc: 0.748, time: 10.449s
epoch:0, step: 40, acc: 0.734, time: 10.528s
epoch:0, step: 50, acc: 0.784, time: 10.636s
epoch:0, step: 60, acc: 0.784, time: 10.87s
epoch:0, step: 70, acc: 0.776, time: 10.934s
epoch:0, step: 80, acc: 0.792, time: 10.555s
epoch:0, step: 90, acc: 0.806, time: 10.52s
epoch:0, step: 100, acc: 0.83, time: 10.512s
epoch:0, step: 110, acc: 0.854, time: 10.608s
epoch:0, step: 120, acc: 0.844, time: 10.473s
epoch:0, step: 130, acc: 0.814, time: 10.765s
epoch:0, step: 140, acc: 0.8, time: 10.674s
epoch:0, step: 150, acc: 0.814, time: 10.828s
Epoch: 01 | Epoch Time: 2m 50s
	Train Loss: 0.457 | Train Acc: 77.94%
	 Val. Loss: 0.358 |  Val. Acc: 83.80%
=====test result on own dataset=====
	 Test. Loss: 0.357 |  Test. Acc: 83.90%

=====test result on other dataset=====
	 Test. Loss: 0.497 |  Test. Acc: 78.21%
###############################
end time: 2019-11-29 16:35:45.710156
elapsed time: 0:05:42.657241
