slurm submission log: 2019-11-29 19:19:59.771684
created following sbatch script: 

###############################

#!/bin/bash

#SBATCH --cpus-per-task=3
#SBATCH --gres=gpu:1
#SBATCH --job-name=shilun-job-4405267
#SBATCH --mem=16G
#SBATCH --open-mode=append
#SBATCH --output=log/L4R2_full.log
#SBATCH --partition=jag-standard
#SBATCH --time=10-0

# activate your desired anaconda environment
source activate py-3.6.8

# cd to working directory
cd .

# launch commands
srun --unbuffered run_as_child_processes 'python robust_BERT.py --train_full --radius 2 --ball L4'

###############################

submission to slurm complete!


###############################
slurm submission output

Submitted batch job 1155716



###############################

/var/lib/slurm/slurmd/job1155716/slurm_script: line 13: activate: No such file or directory
###############################
start time: 2019-11-29 20:07:35.966571
machine: jagupard11.stanford.edu
conda env: allan
###############################
running following processes

	python robust_BERT.py --train_full --radius 2 --ball L4


###############################
command outputs: 


LARGE: False
MAX_LEN: 256
HIDDEN_DIM: 256
N_LAYERS: 2
BIDIRECTIONAL: True
DROPOUT: 0.5
N_EPOCHS: 1
TRAIN_IMDB: True
LEARNING_RATE: 0.0005
RADIUS: 2.0
BALL_TYPE: L4
====training on imdb and testing on tomato======
=========Starting Training epoch #0==========
epoch:0, step: 0, acc: 0.0, time: 1.047s
epoch:0, step: 10, acc: 0.484, time: 10.583s
epoch:0, step: 20, acc: 0.594, time: 10.61s
epoch:0, step: 30, acc: 0.704, time: 10.579s
epoch:0, step: 40, acc: 0.802, time: 10.629s
epoch:0, step: 50, acc: 0.768, time: 10.644s
epoch:0, step: 60, acc: 0.796, time: 10.64s
epoch:0, step: 70, acc: 0.816, time: 10.66s
epoch:0, step: 80, acc: 0.818, time: 10.565s
epoch:0, step: 90, acc: 0.818, time: 10.686s
epoch:0, step: 100, acc: 0.808, time: 10.618s
epoch:0, step: 110, acc: 0.81, time: 10.62s
epoch:0, step: 120, acc: 0.814, time: 10.751s
epoch:0, step: 130, acc: 0.832, time: 10.651s
epoch:0, step: 140, acc: 0.818, time: 10.653s
epoch:0, step: 150, acc: 0.798, time: 10.664s
epoch:0, step: 160, acc: 0.856, time: 10.668s
epoch:0, step: 170, acc: 0.82, time: 10.772s
epoch:0, step: 180, acc: 0.786, time: 10.69s
epoch:0, step: 190, acc: 0.828, time: 10.677s
epoch:0, step: 200, acc: 0.848, time: 10.651s
epoch:0, step: 210, acc: 0.85, time: 10.628s
epoch:0, step: 220, acc: 0.842, time: 10.69s
epoch:0, step: 230, acc: 0.816, time: 10.72s
epoch:0, step: 240, acc: 0.846, time: 10.657s
epoch:0, step: 250, acc: 0.864, time: 10.608s
epoch:0, step: 260, acc: 0.832, time: 10.534s
epoch:0, step: 270, acc: 0.844, time: 10.669s
epoch:0, step: 280, acc: 0.866, time: 10.678s
epoch:0, step: 290, acc: 0.854, time: 10.726s
epoch:0, step: 300, acc: 0.874, time: 10.698s
epoch:0, step: 310, acc: 0.798, time: 10.379s
epoch:0, step: 320, acc: 0.798, time: 10.509s
epoch:0, step: 330, acc: 0.85, time: 10.561s
epoch:0, step: 340, acc: 0.854, time: 10.445s
epoch:0, step: 350, acc: 0.848, time: 10.508s
epoch:0, step: 360, acc: 0.862, time: 10.496s
epoch:0, step: 370, acc: 0.846, time: 10.581s
epoch:0, step: 380, acc: 0.844, time: 10.498s
epoch:0, step: 390, acc: 0.842, time: 10.5s
epoch:0, step: 400, acc: 0.858, time: 10.496s
epoch:0, step: 410, acc: 0.82, time: 10.573s
epoch:0, step: 420, acc: 0.874, time: 10.515s
epoch:0, step: 430, acc: 0.852, time: 10.464s
epoch:0, step: 440, acc: 0.866, time: 10.502s
epoch:0, step: 450, acc: 0.852, time: 10.53s
epoch:0, step: 460, acc: 0.876, time: 10.461s
epoch:0, step: 470, acc: 0.854, time: 10.501s
epoch:0, step: 480, acc: 0.83, time: 10.547s
epoch:0, step: 490, acc: 0.852, time: 10.501s
Epoch: 01 | Epoch Time: 8m 49s
	Train Loss: 0.395 | Train Acc: 82.10%
	 Val. Loss: 0.344 |  Val. Acc: 85.85%
=====test result on own dataset=====
	 Test. Loss: 0.356 |  Test. Acc: 85.50%

=====test result on other dataset=====
	 Test. Loss: 0.484 |  Test. Acc: 80.39%
###############################
end time: 2019-11-29 20:19:39.314718
elapsed time: 0:12:03.348147
