slurm submission log: 2019-11-29 19:19:59.933398
created following sbatch script: 

###############################

#!/bin/bash

#SBATCH --cpus-per-task=3
#SBATCH --gres=gpu:1
#SBATCH --job-name=shilun-job-1404472
#SBATCH --mem=16G
#SBATCH --open-mode=append
#SBATCH --output=log/L4R5_full.log
#SBATCH --partition=jag-standard
#SBATCH --time=10-0

# activate your desired anaconda environment
source activate py-3.6.8

# cd to working directory
cd .

# launch commands
srun --unbuffered run_as_child_processes 'python robust_BERT.py --train_full --radius 5 --ball L4'

###############################

submission to slurm complete!


###############################
slurm submission output

Submitted batch job 1155717



###############################

/var/lib/slurm/slurmd/job1155717/slurm_script: line 13: activate: No such file or directory
###############################
start time: 2019-11-29 20:12:56.117028
machine: jagupard12.stanford.edu
conda env: allan
###############################
running following processes

	python robust_BERT.py --train_full --radius 5 --ball L4


###############################
command outputs: 


LARGE: False
MAX_LEN: 256
HIDDEN_DIM: 256
N_LAYERS: 2
BIDIRECTIONAL: True
DROPOUT: 0.5
N_EPOCHS: 1
TRAIN_IMDB: True
LEARNING_RATE: 0.0005
RADIUS: 5.0
BALL_TYPE: L4
====training on imdb and testing on tomato======
=========Starting Training epoch #0==========
epoch:0, step: 0, acc: 0.0, time: 1.315s
epoch:0, step: 10, acc: 0.484, time: 10.723s
epoch:0, step: 20, acc: 0.594, time: 10.626s
epoch:0, step: 30, acc: 0.704, time: 10.665s
epoch:0, step: 40, acc: 0.798, time: 10.692s
epoch:0, step: 50, acc: 0.766, time: 10.845s
epoch:0, step: 60, acc: 0.794, time: 10.698s
epoch:0, step: 70, acc: 0.812, time: 10.768s
epoch:0, step: 80, acc: 0.802, time: 10.879s
epoch:0, step: 90, acc: 0.806, time: 11.206s
epoch:0, step: 100, acc: 0.814, time: 10.919s
epoch:0, step: 110, acc: 0.806, time: 11.086s
epoch:0, step: 120, acc: 0.818, time: 11.158s
epoch:0, step: 130, acc: 0.836, time: 11.015s
epoch:0, step: 140, acc: 0.808, time: 10.994s
epoch:0, step: 150, acc: 0.814, time: 11.079s
epoch:0, step: 160, acc: 0.854, time: 11.049s
epoch:0, step: 170, acc: 0.824, time: 11.085s
epoch:0, step: 180, acc: 0.796, time: 10.988s
epoch:0, step: 190, acc: 0.83, time: 11.007s
epoch:0, step: 200, acc: 0.848, time: 11.047s
epoch:0, step: 210, acc: 0.864, time: 11.1s
epoch:0, step: 220, acc: 0.848, time: 11.152s
epoch:0, step: 230, acc: 0.806, time: 11.263s
epoch:0, step: 240, acc: 0.848, time: 11.132s
epoch:0, step: 250, acc: 0.878, time: 11.087s
epoch:0, step: 260, acc: 0.808, time: 11.169s
epoch:0, step: 270, acc: 0.852, time: 10.979s
epoch:0, step: 280, acc: 0.862, time: 11.106s
epoch:0, step: 290, acc: 0.854, time: 11.21s
epoch:0, step: 300, acc: 0.872, time: 11.091s
epoch:0, step: 310, acc: 0.796, time: 10.859s
epoch:0, step: 320, acc: 0.82, time: 11.1s
epoch:0, step: 330, acc: 0.84, time: 11.203s
epoch:0, step: 340, acc: 0.856, time: 11.039s
epoch:0, step: 350, acc: 0.814, time: 11.112s
epoch:0, step: 360, acc: 0.864, time: 11.087s
epoch:0, step: 370, acc: 0.844, time: 11.285s
epoch:0, step: 380, acc: 0.836, time: 11.143s
epoch:0, step: 390, acc: 0.854, time: 11.086s
epoch:0, step: 400, acc: 0.856, time: 11.056s
epoch:0, step: 410, acc: 0.848, time: 11.218s
epoch:0, step: 420, acc: 0.87, time: 11.119s
epoch:0, step: 430, acc: 0.848, time: 11.141s
epoch:0, step: 440, acc: 0.88, time: 11.113s
epoch:0, step: 450, acc: 0.838, time: 11.147s
epoch:0, step: 460, acc: 0.87, time: 11.127s
epoch:0, step: 470, acc: 0.85, time: 11.074s
epoch:0, step: 480, acc: 0.828, time: 11.187s
epoch:0, step: 490, acc: 0.836, time: 11.096s
Epoch: 01 | Epoch Time: 9m 12s
	Train Loss: 0.394 | Train Acc: 81.99%
	 Val. Loss: 0.336 |  Val. Acc: 85.35%
=====test result on own dataset=====
	 Test. Loss: 0.347 |  Test. Acc: 85.00%

=====test result on other dataset=====
	 Test. Loss: 0.464 |  Test. Acc: 80.73%
###############################
end time: 2019-11-29 20:25:39.803963
elapsed time: 0:12:43.686935
