slurm submission log: 2019-12-02 15:09:18.316514
created following sbatch script: 

###############################

#!/bin/bash

#SBATCH --cpus-per-task=3
#SBATCH --gres=gpu:1
#SBATCH --job-name=shilun-job-2325912
#SBATCH --mem=16G
#SBATCH --open-mode=append
#SBATCH --output=shilun-job-2325912.out
#SBATCH --partition=jag-standard
#SBATCH --time=10-0

# activate your desired anaconda environment
source activate py-3.6.8

# cd to working directory
cd .

# launch commands
srun --unbuffered run_as_child_processes 'python robust_BERT.py --ball Baseline'

###############################

submission to slurm complete!


###############################
slurm submission output

Submitted batch job 1159129



###############################

/var/lib/slurm/slurmd/job1159129/slurm_script: line 13: activate: No such file or directory
###############################
start time: 2019-12-02 15:14:24.247109
machine: jagupard12.stanford.edu
conda env: allan
###############################
running following processes

	python robust_BERT.py --ball Baseline


###############################
command outputs: 


LARGE: False
MAX_LEN: 256
HIDDEN_DIM: 256
N_LAYERS: 2
BIDIRECTIONAL: True
DROPOUT: 0.5
N_EPOCHS: 1
TRAIN_IMDB: False
LEARNING_RATE: 0.0005
RADIUS: 5
BALL_TYPE: Baseline
====training on tomato and testing on imdb======
=========Starting Training epoch #0==========
epoch:0, step: 0, acc: 0.0, time: 0.967s
epoch:0, step: 10, acc: 0.592, time: 7.415s
epoch:0, step: 20, acc: 0.718, time: 7.45s
epoch:0, step: 30, acc: 0.802, time: 7.452s
epoch:0, step: 40, acc: 0.826, time: 7.447s
epoch:0, step: 50, acc: 0.818, time: 7.482s
epoch:0, step: 60, acc: 0.746, time: 7.512s
epoch:0, step: 70, acc: 0.818, time: 7.509s
epoch:0, step: 80, acc: 0.842, time: 7.536s
epoch:0, step: 90, acc: 0.85, time: 7.588s
epoch:0, step: 100, acc: 0.818, time: 7.56s
epoch:0, step: 110, acc: 0.812, time: 7.585s
epoch:0, step: 120, acc: 0.816, time: 7.572s
epoch:0, step: 130, acc: 0.828, time: 7.607s
Epoch: 01 | Epoch Time: 1m 38s
	Train Loss: 0.439 | Train Acc: 79.18%
	 Val. Loss: 0.330 |  Val. Acc: 85.88%
=====test result on own dataset=====
	 Test. Loss: 0.334 |  Test. Acc: 85.25%

=====test result on other dataset=====
	 Test. Loss: 0.475 |  Test. Acc: 77.25%
###############################
end time: 2019-12-02 15:21:02.027558
elapsed time: 0:06:37.780449
