slurm submission log: 2019-11-29 19:19:07.680125
created following sbatch script: 

###############################

#!/bin/bash

#SBATCH --cpus-per-task=3
#SBATCH --gres=gpu:1
#SBATCH --job-name=shilun-job-2963407
#SBATCH --mem=16G
#SBATCH --open-mode=append
#SBATCH --output=log/SimplexR10_full.log
#SBATCH --partition=jag-standard
#SBATCH --time=10-0

# activate your desired anaconda environment
source activate py-3.6.8

# cd to working directory
cd .

# launch commands
srun --unbuffered run_as_child_processes 'python robust_BERT.py --train_full --radius 10 --ball Simplex'

###############################

submission to slurm complete!


###############################
slurm submission output

Submitted batch job 1155711



###############################

/var/lib/slurm/slurmd/job1155711/slurm_script: line 13: activate: No such file or directory
###############################
start time: 2019-11-29 19:43:33.560411
machine: jagupard11.stanford.edu
conda env: allan
###############################
running following processes

	python robust_BERT.py --train_full --radius 10 --ball Simplex


###############################
command outputs: 


LARGE: False
MAX_LEN: 256
HIDDEN_DIM: 256
N_LAYERS: 2
BIDIRECTIONAL: True
DROPOUT: 0.5
N_EPOCHS: 1
TRAIN_IMDB: True
LEARNING_RATE: 0.0005
RADIUS: 10.0
BALL_TYPE: Simplex
====training on imdb and testing on tomato======
=========Starting Training epoch #0==========
epoch:0, step: 0, acc: 0.0, time: 0.978s
epoch:0, step: 10, acc: 0.476, time: 10.736s
epoch:0, step: 20, acc: 0.594, time: 10.505s
epoch:0, step: 30, acc: 0.71, time: 10.439s
epoch:0, step: 40, acc: 0.788, time: 10.558s
epoch:0, step: 50, acc: 0.774, time: 10.554s
epoch:0, step: 60, acc: 0.792, time: 10.556s
epoch:0, step: 70, acc: 0.776, time: 10.479s
epoch:0, step: 80, acc: 0.788, time: 10.451s
epoch:0, step: 90, acc: 0.794, time: 10.578s
epoch:0, step: 100, acc: 0.824, time: 10.421s
epoch:0, step: 110, acc: 0.804, time: 10.379s
epoch:0, step: 120, acc: 0.804, time: 10.473s
epoch:0, step: 130, acc: 0.818, time: 10.423s
epoch:0, step: 140, acc: 0.802, time: 10.386s
epoch:0, step: 150, acc: 0.78, time: 10.323s
epoch:0, step: 160, acc: 0.838, time: 10.299s
epoch:0, step: 170, acc: 0.822, time: 10.458s
epoch:0, step: 180, acc: 0.812, time: 10.373s
epoch:0, step: 190, acc: 0.828, time: 10.405s
epoch:0, step: 200, acc: 0.828, time: 10.556s
epoch:0, step: 210, acc: 0.844, time: 10.55s
epoch:0, step: 220, acc: 0.842, time: 10.613s
epoch:0, step: 230, acc: 0.804, time: 10.478s
epoch:0, step: 240, acc: 0.838, time: 10.44s
epoch:0, step: 250, acc: 0.842, time: 10.384s
epoch:0, step: 260, acc: 0.816, time: 10.342s
epoch:0, step: 270, acc: 0.84, time: 10.345s
epoch:0, step: 280, acc: 0.868, time: 10.426s
epoch:0, step: 290, acc: 0.85, time: 10.453s
epoch:0, step: 300, acc: 0.872, time: 10.314s
epoch:0, step: 310, acc: 0.8, time: 10.276s
epoch:0, step: 320, acc: 0.818, time: 10.433s
epoch:0, step: 330, acc: 0.836, time: 10.566s
epoch:0, step: 340, acc: 0.844, time: 10.41s
epoch:0, step: 350, acc: 0.834, time: 10.418s
epoch:0, step: 360, acc: 0.856, time: 10.392s
epoch:0, step: 370, acc: 0.83, time: 10.492s
epoch:0, step: 380, acc: 0.826, time: 10.397s
epoch:0, step: 390, acc: 0.84, time: 10.391s
epoch:0, step: 400, acc: 0.868, time: 10.404s
epoch:0, step: 410, acc: 0.828, time: 10.466s
epoch:0, step: 420, acc: 0.846, time: 10.404s
epoch:0, step: 430, acc: 0.842, time: 10.376s
epoch:0, step: 440, acc: 0.86, time: 10.384s
epoch:0, step: 450, acc: 0.844, time: 10.418s
epoch:0, step: 460, acc: 0.852, time: 10.356s
epoch:0, step: 470, acc: 0.838, time: 10.41s
epoch:0, step: 480, acc: 0.812, time: 10.449s
epoch:0, step: 490, acc: 0.82, time: 10.392s
Epoch: 01 | Epoch Time: 8m 41s
	Train Loss: 0.426 | Train Acc: 81.22%
	 Val. Loss: 0.419 |  Val. Acc: 84.70%
=====test result on own dataset=====
	 Test. Loss: 0.426 |  Test. Acc: 84.35%

=====test result on other dataset=====
	 Test. Loss: 0.500 |  Test. Acc: 78.84%
###############################
end time: 2019-11-29 19:55:18.862220
elapsed time: 0:11:45.301809
