slurm submission log: 2019-11-29 19:19:07.487139
created following sbatch script: 

###############################

#!/bin/bash

#SBATCH --cpus-per-task=3
#SBATCH --gres=gpu:1
#SBATCH --job-name=shilun-job-2516988
#SBATCH --mem=16G
#SBATCH --open-mode=append
#SBATCH --output=log/SimplexR5_full.log
#SBATCH --partition=jag-standard
#SBATCH --time=10-0

# activate your desired anaconda environment
source activate py-3.6.8

# cd to working directory
cd .

# launch commands
srun --unbuffered run_as_child_processes 'python robust_BERT.py --train_full --radius 5 --ball Simplex'

###############################

submission to slurm complete!


###############################
slurm submission output

Submitted batch job 1155710



###############################

/var/lib/slurm/slurmd/job1155710/slurm_script: line 13: activate: No such file or directory
###############################
start time: 2019-11-29 19:41:33.537599
machine: jagupard5.stanford.edu
conda env: allan
###############################
running following processes

	python robust_BERT.py --train_full --radius 5 --ball Simplex


###############################
command outputs: 


LARGE: False
MAX_LEN: 256
HIDDEN_DIM: 256
N_LAYERS: 2
BIDIRECTIONAL: True
DROPOUT: 0.5
N_EPOCHS: 1
TRAIN_IMDB: True
LEARNING_RATE: 0.0005
RADIUS: 5.0
BALL_TYPE: Simplex
====training on imdb and testing on tomato======
=========Starting Training epoch #0==========
epoch:0, step: 0, acc: 0.0, time: 1.798s
epoch:0, step: 10, acc: 0.49, time: 20.174s
epoch:0, step: 20, acc: 0.576, time: 19.969s
epoch:0, step: 30, acc: 0.74, time: 19.994s
epoch:0, step: 40, acc: 0.794, time: 19.944s
epoch:0, step: 50, acc: 0.78, time: 20.038s
epoch:0, step: 60, acc: 0.744, time: 20.098s
epoch:0, step: 70, acc: 0.782, time: 19.926s
epoch:0, step: 80, acc: 0.792, time: 19.983s
epoch:0, step: 90, acc: 0.79, time: 20.116s
epoch:0, step: 100, acc: 0.822, time: 19.808s
epoch:0, step: 110, acc: 0.792, time: 19.996s
epoch:0, step: 120, acc: 0.824, time: 20.033s
epoch:0, step: 130, acc: 0.83, time: 19.934s
epoch:0, step: 140, acc: 0.78, time: 20.039s
epoch:0, step: 150, acc: 0.756, time: 19.968s
epoch:0, step: 160, acc: 0.826, time: 19.841s
epoch:0, step: 170, acc: 0.812, time: 19.962s
epoch:0, step: 180, acc: 0.808, time: 19.843s
epoch:0, step: 190, acc: 0.806, time: 19.886s
epoch:0, step: 200, acc: 0.834, time: 19.869s
epoch:0, step: 210, acc: 0.836, time: 20.047s
epoch:0, step: 220, acc: 0.828, time: 19.949s
epoch:0, step: 230, acc: 0.798, time: 20.04s
epoch:0, step: 240, acc: 0.838, time: 19.971s
epoch:0, step: 250, acc: 0.848, time: 19.924s
epoch:0, step: 260, acc: 0.826, time: 19.868s
epoch:0, step: 270, acc: 0.85, time: 19.867s
epoch:0, step: 280, acc: 0.862, time: 20.063s
epoch:0, step: 290, acc: 0.854, time: 20.146s
epoch:0, step: 300, acc: 0.864, time: 19.852s
epoch:0, step: 310, acc: 0.792, time: 19.9s
epoch:0, step: 320, acc: 0.808, time: 19.988s
epoch:0, step: 330, acc: 0.834, time: 20.008s
epoch:0, step: 340, acc: 0.842, time: 19.871s
epoch:0, step: 350, acc: 0.834, time: 19.953s
epoch:0, step: 360, acc: 0.858, time: 19.968s
epoch:0, step: 370, acc: 0.838, time: 20.075s
epoch:0, step: 380, acc: 0.824, time: 19.903s
epoch:0, step: 390, acc: 0.832, time: 19.944s
epoch:0, step: 400, acc: 0.868, time: 19.951s
epoch:0, step: 410, acc: 0.838, time: 20.075s
epoch:0, step: 420, acc: 0.852, time: 19.971s
epoch:0, step: 430, acc: 0.828, time: 19.961s
epoch:0, step: 440, acc: 0.87, time: 19.95s
epoch:0, step: 450, acc: 0.83, time: 20.014s
epoch:0, step: 460, acc: 0.84, time: 19.86s
epoch:0, step: 470, acc: 0.838, time: 20.06s
epoch:0, step: 480, acc: 0.81, time: 20.09s
epoch:0, step: 490, acc: 0.784, time: 19.995s
Epoch: 01 | Epoch Time: 16m 38s
	Train Loss: 0.450 | Train Acc: 80.91%
	 Val. Loss: 0.449 |  Val. Acc: 84.95%
=====test result on own dataset=====
	 Test. Loss: 0.453 |  Test. Acc: 84.70%

=====test result on other dataset=====
	 Test. Loss: 0.514 |  Test. Acc: 78.21%
###############################
end time: 2019-11-29 20:02:58.954773
elapsed time: 0:21:25.417174
