slurm submission log: 2019-11-29 19:19:07.298850
created following sbatch script: 

###############################

#!/bin/bash

#SBATCH --cpus-per-task=3
#SBATCH --gres=gpu:1
#SBATCH --job-name=shilun-job-3814129
#SBATCH --mem=16G
#SBATCH --open-mode=append
#SBATCH --output=log/SimplexR2_full.log
#SBATCH --partition=jag-standard
#SBATCH --time=10-0

# activate your desired anaconda environment
source activate py-3.6.8

# cd to working directory
cd .

# launch commands
srun --unbuffered run_as_child_processes 'python robust_BERT.py --train_full --radius 2 --ball Simplex'

###############################

submission to slurm complete!


###############################
slurm submission output

Submitted batch job 1155709



###############################

/var/lib/slurm/slurmd/job1155709/slurm_script: line 13: activate: No such file or directory
###############################
start time: 2019-11-29 19:31:02.189733
machine: jagupard11.stanford.edu
conda env: allan
###############################
running following processes

	python robust_BERT.py --train_full --radius 2 --ball Simplex


###############################
command outputs: 


LARGE: False
MAX_LEN: 256
HIDDEN_DIM: 256
N_LAYERS: 2
BIDIRECTIONAL: True
DROPOUT: 0.5
N_EPOCHS: 1
TRAIN_IMDB: True
LEARNING_RATE: 0.0005
RADIUS: 2.0
BALL_TYPE: Simplex
====training on imdb and testing on tomato======
=========Starting Training epoch #0==========
epoch:0, step: 0, acc: 0.0, time: 0.971s
epoch:0, step: 10, acc: 0.466, time: 10.477s
epoch:0, step: 20, acc: 0.588, time: 10.388s
epoch:0, step: 30, acc: 0.708, time: 10.432s
epoch:0, step: 40, acc: 0.788, time: 10.429s
epoch:0, step: 50, acc: 0.756, time: 10.424s
epoch:0, step: 60, acc: 0.764, time: 10.534s
epoch:0, step: 70, acc: 0.788, time: 10.45s
epoch:0, step: 80, acc: 0.752, time: 10.447s
epoch:0, step: 90, acc: 0.808, time: 10.542s
epoch:0, step: 100, acc: 0.788, time: 10.406s
epoch:0, step: 110, acc: 0.82, time: 10.371s
epoch:0, step: 120, acc: 0.81, time: 10.458s
epoch:0, step: 130, acc: 0.806, time: 10.408s
epoch:0, step: 140, acc: 0.774, time: 10.395s
epoch:0, step: 150, acc: 0.788, time: 10.317s
epoch:0, step: 160, acc: 0.844, time: 10.294s
epoch:0, step: 170, acc: 0.802, time: 10.448s
epoch:0, step: 180, acc: 0.794, time: 10.49s
epoch:0, step: 190, acc: 0.802, time: 10.396s
epoch:0, step: 200, acc: 0.826, time: 10.338s
epoch:0, step: 210, acc: 0.846, time: 10.387s
epoch:0, step: 220, acc: 0.826, time: 10.48s
epoch:0, step: 230, acc: 0.812, time: 10.476s
epoch:0, step: 240, acc: 0.846, time: 10.444s
epoch:0, step: 250, acc: 0.844, time: 10.4s
epoch:0, step: 260, acc: 0.814, time: 10.344s
epoch:0, step: 270, acc: 0.842, time: 10.36s
epoch:0, step: 280, acc: 0.862, time: 10.435s
epoch:0, step: 290, acc: 0.826, time: 10.46s
epoch:0, step: 300, acc: 0.852, time: 10.318s
epoch:0, step: 310, acc: 0.79, time: 10.302s
epoch:0, step: 320, acc: 0.818, time: 10.393s
epoch:0, step: 330, acc: 0.824, time: 10.454s
epoch:0, step: 340, acc: 0.858, time: 10.361s
epoch:0, step: 350, acc: 0.83, time: 10.389s
epoch:0, step: 360, acc: 0.86, time: 10.388s
epoch:0, step: 370, acc: 0.838, time: 10.496s
epoch:0, step: 380, acc: 0.81, time: 10.393s
epoch:0, step: 390, acc: 0.842, time: 10.386s
epoch:0, step: 400, acc: 0.85, time: 10.415s
epoch:0, step: 410, acc: 0.83, time: 10.463s
epoch:0, step: 420, acc: 0.842, time: 10.412s
epoch:0, step: 430, acc: 0.846, time: 10.373s
epoch:0, step: 440, acc: 0.864, time: 10.392s
epoch:0, step: 450, acc: 0.826, time: 10.437s
epoch:0, step: 460, acc: 0.854, time: 10.374s
epoch:0, step: 470, acc: 0.846, time: 10.403s
epoch:0, step: 480, acc: 0.8, time: 10.466s
epoch:0, step: 490, acc: 0.812, time: 10.4s
Epoch: 01 | Epoch Time: 8m 40s
	Train Loss: 0.505 | Train Acc: 80.67%
	 Val. Loss: 0.507 |  Val. Acc: 83.45%
=====test result on own dataset=====
	 Test. Loss: 0.509 |  Test. Acc: 83.60%

=====test result on other dataset=====
	 Test. Loss: 0.525 |  Test. Acc: 81.02%
###############################
end time: 2019-11-29 19:43:16.826696
elapsed time: 0:12:14.636963
