slurm submission log: 2019-11-29 19:19:07.092332
created following sbatch script: 

###############################

#!/bin/bash

#SBATCH --cpus-per-task=3
#SBATCH --gres=gpu:1
#SBATCH --job-name=shilun-job-1020425
#SBATCH --mem=16G
#SBATCH --open-mode=append
#SBATCH --output=log/SimplexR1_full.log
#SBATCH --partition=jag-standard
#SBATCH --time=10-0

# activate your desired anaconda environment
source activate py-3.6.8

# cd to working directory
cd .

# launch commands
srun --unbuffered run_as_child_processes 'python robust_BERT.py --train_full --radius 1 --ball Simplex'

###############################

submission to slurm complete!


###############################
slurm submission output

Submitted batch job 1155708



###############################

/var/lib/slurm/slurmd/job1155708/slurm_script: line 13: activate: No such file or directory
###############################
start time: 2019-11-29 19:19:30.882503
machine: jagupard5.stanford.edu
conda env: allan
###############################
running following processes

	python robust_BERT.py --train_full --radius 1 --ball Simplex


###############################
command outputs: 


LARGE: False
MAX_LEN: 256
HIDDEN_DIM: 256
N_LAYERS: 2
BIDIRECTIONAL: True
DROPOUT: 0.5
N_EPOCHS: 1
TRAIN_IMDB: True
LEARNING_RATE: 0.0005
RADIUS: 1.0
BALL_TYPE: Simplex
====training on imdb and testing on tomato======
=========Starting Training epoch #0==========
epoch:0, step: 0, acc: 0.0, time: 1.799s
epoch:0, step: 10, acc: 0.474, time: 19.771s
epoch:0, step: 20, acc: 0.584, time: 19.887s
epoch:0, step: 30, acc: 0.726, time: 19.852s
epoch:0, step: 40, acc: 0.782, time: 19.909s
epoch:0, step: 50, acc: 0.762, time: 19.843s
epoch:0, step: 60, acc: 0.76, time: 19.869s
epoch:0, step: 70, acc: 0.802, time: 19.887s
epoch:0, step: 80, acc: 0.79, time: 19.855s
epoch:0, step: 90, acc: 0.8, time: 20.141s
epoch:0, step: 100, acc: 0.784, time: 19.838s
epoch:0, step: 110, acc: 0.786, time: 19.852s
epoch:0, step: 120, acc: 0.812, time: 20.053s
epoch:0, step: 130, acc: 0.82, time: 19.823s
epoch:0, step: 140, acc: 0.806, time: 19.8s
epoch:0, step: 150, acc: 0.784, time: 19.759s
epoch:0, step: 160, acc: 0.854, time: 19.692s
epoch:0, step: 170, acc: 0.81, time: 19.833s
epoch:0, step: 180, acc: 0.806, time: 19.754s
epoch:0, step: 190, acc: 0.824, time: 19.788s
epoch:0, step: 200, acc: 0.82, time: 19.769s
epoch:0, step: 210, acc: 0.854, time: 19.907s
epoch:0, step: 220, acc: 0.834, time: 19.804s
epoch:0, step: 230, acc: 0.81, time: 19.918s
epoch:0, step: 240, acc: 0.846, time: 19.931s
epoch:0, step: 250, acc: 0.848, time: 20.023s
epoch:0, step: 260, acc: 0.828, time: 19.745s
epoch:0, step: 270, acc: 0.848, time: 19.786s
epoch:0, step: 280, acc: 0.864, time: 20.005s
epoch:0, step: 290, acc: 0.848, time: 20.07s
epoch:0, step: 300, acc: 0.866, time: 19.767s
epoch:0, step: 310, acc: 0.802, time: 19.86s
epoch:0, step: 320, acc: 0.798, time: 19.92s
epoch:0, step: 330, acc: 0.834, time: 19.837s
epoch:0, step: 340, acc: 0.844, time: 19.701s
epoch:0, step: 350, acc: 0.838, time: 19.841s
epoch:0, step: 360, acc: 0.856, time: 19.858s
epoch:0, step: 370, acc: 0.834, time: 19.911s
epoch:0, step: 380, acc: 0.814, time: 19.927s
epoch:0, step: 390, acc: 0.826, time: 19.871s
epoch:0, step: 400, acc: 0.846, time: 19.841s
epoch:0, step: 410, acc: 0.832, time: 19.899s
epoch:0, step: 420, acc: 0.862, time: 19.795s
epoch:0, step: 430, acc: 0.816, time: 19.766s
epoch:0, step: 440, acc: 0.872, time: 19.83s
epoch:0, step: 450, acc: 0.832, time: 19.81s
epoch:0, step: 460, acc: 0.84, time: 19.761s
epoch:0, step: 470, acc: 0.838, time: 19.938s
epoch:0, step: 480, acc: 0.806, time: 19.819s
epoch:0, step: 490, acc: 0.798, time: 19.919s
Epoch: 01 | Epoch Time: 16m 32s
	Train Loss: 0.530 | Train Acc: 80.92%
	 Val. Loss: 0.528 |  Val. Acc: 84.30%
=====test result on own dataset=====
	 Test. Loss: 0.530 |  Test. Acc: 84.45%

=====test result on other dataset=====
	 Test. Loss: 0.562 |  Test. Acc: 78.04%
###############################
end time: 2019-11-29 19:41:16.297656
elapsed time: 0:21:45.415153
