slurm submission log: 2019-11-14 02:28:26.955862
created following sbatch script: 

###############################

#!/bin/bash

#SBATCH --cpus-per-task=3
#SBATCH --gres=gpu:1
#SBATCH --job-name=shilun-job-1980818
#SBATCH --mem=16G
#SBATCH --open-mode=append
#SBATCH --output=shilun-job-1980818.out
#SBATCH --partition=jag-standard
#SBATCH --time=10-0

# activate your desired anaconda environment
source activate py-3.6.8

# cd to working directory
cd .

# launch commands
srun --unbuffered run_as_child_processes 'python baseline_BERT.py'

###############################

submission to slurm complete!


###############################
slurm submission output

Submitted batch job 1096740



###############################

/var/lib/slurm/slurmd/job1096740/slurm_script: line 13: activate: No such file or directory
###############################
start time: 2019-11-14 02:32:11.230988
machine: jagupard4.stanford.edu
conda env: allan
###############################
running following processes

	python baseline_BERT.py


###############################
command outputs: 


====training on tomato and testing on imdb======
=========Starting Training epoch #0==========
epoch:0, step: 0, acc: 0.0, time: 1.529s
epoch:0, step: 10, acc: 0.628, time: 15.614s
epoch:0, step: 20, acc: 0.728, time: 15.673s
epoch:0, step: 30, acc: 0.802, time: 15.664s
epoch:0, step: 40, acc: 0.83, time: 15.661s
epoch:0, step: 50, acc: 0.828, time: 15.677s
epoch:0, step: 60, acc: 0.752, time: 15.681s
epoch:0, step: 70, acc: 0.806, time: 15.634s
epoch:0, step: 80, acc: 0.842, time: 15.642s
epoch:0, step: 90, acc: 0.842, time: 15.658s
epoch:0, step: 100, acc: 0.814, time: 15.636s
epoch:0, step: 110, acc: 0.816, time: 15.651s
epoch:0, step: 120, acc: 0.83, time: 15.624s
epoch:0, step: 130, acc: 0.85, time: 15.597s
Epoch: 01 | Epoch Time: 3m 25s
	Train Loss: 0.437 | Train Acc: 79.80%
	 Val. Loss: 0.330 |  Val. Acc: 85.88%
=====test result on own dataset=====
	 Test. Loss: 0.333 |  Test. Acc: 85.48%

=====test result on other dataset=====
	 Test. Loss: 0.477 |  Test. Acc: 77.35%
###############################
end time: 2019-11-14 02:40:04.078269
elapsed time: 0:07:52.847281
